<html>
<head>
<title>TestNG:  Surefire test</title>
<link href="../testng.css" rel="stylesheet" type="text/css" />
<link href="../my-testng.css" rel="stylesheet" type="text/css" />

<style type="text/css">
.log { display: none;} 
.stack-trace { display: none;} 
</style>
<script type="text/javascript">
<!--
function flip(e) {
  current = e.style.display;
  if (current == 'block') {
    e.style.display = 'none';
    return 0;
  }
  else {
    e.style.display = 'block';
    return 1;
  }
}

function toggleBox(szDivId, elem, msg1, msg2)
{
  var res = -1;  if (document.getElementById) {
    res = flip(document.getElementById(szDivId));
  }
  else if (document.all) {
    // this is the way old msie versions work
    res = flip(document.all[szDivId]);
  }
  if(elem) {
    if(res == 0) elem.innerHTML = msg1; else elem.innerHTML = msg2;
  }

}

function toggleAllBoxes() {
  if (document.getElementsByTagName) {
    d = document.getElementsByTagName('div');
    for (i = 0; i < d.length; i++) {
      if (d[i].className == 'log') {
        flip(d[i]);
      }
    }
  }
}

// -->
</script>

</head>
<body>
<h2 align='center'>Surefire test</h2><table border='1' align="center">
<tr>
<td>Tests passed/Failed/Skipped:</td><td>17/3/0</td>
</tr><tr>
<td>Started on:</td><td>Thu Jun 09 13:47:02 EET 2022</td>
</tr>
<tr><td>Total time:</td><td>296 seconds (296030 ms)</td>
</tr><tr>
<td>Included groups:</td><td></td>
</tr><tr>
<td>Excluded groups:</td><td></td>
</tr>
</table><p/>
<small><i>(Hover the method name to see the test class name)</i></small><p/>
<table width='100%' border='1' class='invocation-failed'>
<tr><td colspan='4' align='center'><b>FAILED TESTS</b></td></tr>
<tr><td><b>Test method</b></td>
<td width="30%"><b>Exception</b></td>
<td width="10%"><b>Time (seconds)</b></td>
<td><b>Instance</b></td>
</tr>
<tr>
<td title='org.example.Runners.TestRunTestNg.runScenario()'><b>runScenario</b><br>Test class: org.example.Runners.TestRunTestNg<br>Test method: Runs Cucumber Scenarios<br>Parameters: "First slider is clickable on home page", "SC14- User Can to click to home slider and go to related page"</td>
<td><div><pre>org.junit.ComparisonFailure: expected:&lt;...emo.nopcommerce.com/[]&gt; but was:&lt;...emo.nopcommerce.com/[nokia-lumia-1020]&gt;
	at org.junit.Assert.assertEquals(Assert.java:117)
	at org.junit.Assert.assertEquals(Assert.java:146)
	at org.example.StepsCode.C14_HomeSlider.confirmShowOne(C14_HomeSlider.java:21)
	at ?.Relative product for first slider is displayed(file:///D:/FWD-SCHOLARSHIP/AutomationProject/src/main/resources/Features/SC14_HomeSlider.feature:11)
</pre></div><a href='#' onClick='toggleBox("stack-trace2114259937", this, "Click to show all stack frames", "Click to hide stack frames")'>Click to show all stack frames</a>
<div class='stack-trace' id='stack-trace2114259937'><pre>org.junit.ComparisonFailure: expected:&lt;...emo.nopcommerce.com/[]&gt; but was:&lt;...emo.nopcommerce.com/[nokia-lumia-1020]&gt;
	at org.junit.Assert.assertEquals(Assert.java:117)
	at org.junit.Assert.assertEquals(Assert.java:146)
	at org.example.StepsCode.C14_HomeSlider.confirmShowOne(C14_HomeSlider.java:21)
	at ?.Relative product for first slider is displayed(file:///D:/FWD-SCHOLARSHIP/AutomationProject/src/main/resources/Features/SC14_HomeSlider.feature:11)
</pre></div></td>
<td>10</td>
<td>org.example.Runners.TestRunTestNg@6950e31</td></tr>
<tr>
<td title='org.example.Runners.TestRunTestNg.runScenario()'><b>runScenario</b><br>Test class: org.example.Runners.TestRunTestNg<br>Test method: Runs Cucumber Scenarios<br>Parameters: "Second slider is clickable on home page", "SC14- User Can to click to home slider and go to related page"</td>
<td><div><pre>org.junit.ComparisonFailure: expected:&lt;...emo.nopcommerce.com/[]&gt; but was:&lt;...emo.nopcommerce.com/[iphone-6]&gt;
	at org.junit.Assert.assertEquals(Assert.java:117)
	at org.junit.Assert.assertEquals(Assert.java:146)
	at org.example.StepsCode.C14_HomeSlider.confirmShowTwo(C14_HomeSlider.java:35)
	at ?.Relative product for second slider is displayed(file:///D:/FWD-SCHOLARSHIP/AutomationProject/src/main/resources/Features/SC14_HomeSlider.feature:21)
</pre></div><a href='#' onClick='toggleBox("stack-trace366513168", this, "Click to show all stack frames", "Click to hide stack frames")'>Click to show all stack frames</a>
<div class='stack-trace' id='stack-trace366513168'><pre>org.junit.ComparisonFailure: expected:&lt;...emo.nopcommerce.com/[]&gt; but was:&lt;...emo.nopcommerce.com/[iphone-6]&gt;
	at org.junit.Assert.assertEquals(Assert.java:117)
	at org.junit.Assert.assertEquals(Assert.java:146)
	at org.example.StepsCode.C14_HomeSlider.confirmShowTwo(C14_HomeSlider.java:35)
	at ?.Relative product for second slider is displayed(file:///D:/FWD-SCHOLARSHIP/AutomationProject/src/main/resources/Features/SC14_HomeSlider.feature:21)
</pre></div></td>
<td>12</td>
<td>org.example.Runners.TestRunTestNg@6950e31</td></tr>
<tr>
<td title='org.example.Runners.TestRunTestNg.runScenario()'><b>runScenario</b><br>Test class: org.example.Runners.TestRunTestNg<br>Test method: Runs Cucumber Scenarios<br>Parameters: "User opens rss link", "SC-13 User could have to follow the pages of website"</td>
<td><div><pre>java.lang.IndexOutOfBoundsException: Index: 1, Size: 1
	at java.util.ArrayList.rangeCheck(ArrayList.java:653)
	at java.util.ArrayList.get(ArrayList.java:429)
	at org.example.StepsCode.C13_FollowUs.openRss(C13_FollowUs.java:83)
	at ?.User opens rss link(file:///D:/FWD-SCHOLARSHIP/AutomationProject/src/main/resources/Features/SC13_FollowUs.feature:27)
</pre></div><a href='#' onClick='toggleBox("stack-trace1788270137", this, "Click to show all stack frames", "Click to hide stack frames")'>Click to show all stack frames</a>
<div class='stack-trace' id='stack-trace1788270137'><pre>java.lang.IndexOutOfBoundsException: Index: 1, Size: 1
	at java.util.ArrayList.rangeCheck(ArrayList.java:653)
	at java.util.ArrayList.get(ArrayList.java:429)
	at org.example.StepsCode.C13_FollowUs.openRss(C13_FollowUs.java:83)
	at ?.User opens rss link(file:///D:/FWD-SCHOLARSHIP/AutomationProject/src/main/resources/Features/SC13_FollowUs.feature:27)
</pre></div></td>
<td>9</td>
<td>org.example.Runners.TestRunTestNg@6950e31</td></tr>
</table><p>
<table width='100%' border='1' class='invocation-passed'>
<tr><td colspan='4' align='center'><b>PASSED TESTS</b></td></tr>
<tr><td><b>Test method</b></td>
<td width="30%"><b>Exception</b></td>
<td width="10%"><b>Time (seconds)</b></td>
<td><b>Instance</b></td>
</tr>
<tr>
<td title='org.example.Runners.TestRunTestNg.runScenario()'><b>runScenario</b><br>Test class: org.example.Runners.TestRunTestNg<br>Test method: Runs Cucumber Scenarios<br>Parameters: "User try to add product to shopping cart", "SC9- Logged user could add different products to Shopping cart"</td>
<td></td>
<td>20</td>
<td>org.example.Runners.TestRunTestNg@6950e31</td></tr>
<tr>
<td title='org.example.Runners.TestRunTestNg.runScenario()'><b>runScenario</b><br>Test class: org.example.Runners.TestRunTestNg<br>Test method: Runs Cucumber Scenarios<br>Parameters: "User make an order", "SC12- Create successful Order"</td>
<td></td>
<td>40</td>
<td>org.example.Runners.TestRunTestNg@6950e31</td></tr>
<tr>
<td title='org.example.Runners.TestRunTestNg.runScenario()'><b>runScenario</b><br>Test class: org.example.Runners.TestRunTestNg<br>Test method: Runs Cucumber Scenarios<br>Parameters: "User scroll down into home page", "SC15- User should to find products are displayed in home page"</td>
<td></td>
<td>10</td>
<td>org.example.Runners.TestRunTestNg@6950e31</td></tr>
<tr>
<td title='org.example.Runners.TestRunTestNg.runScenario()'><b>runScenario</b><br>Test class: org.example.Runners.TestRunTestNg<br>Test method: Runs Cucumber Scenarios<br>Parameters: "Logged user select Category", "SC6- Logged user could select different Categories"</td>
<td></td>
<td>12</td>
<td>org.example.Runners.TestRunTestNg@6950e31</td></tr>
<tr>
<td title='org.example.Runners.TestRunTestNg.runScenario()'><b>runScenario</b><br>Test class: org.example.Runners.TestRunTestNg<br>Test method: Runs Cucumber Scenarios<br>Parameters: "User opens youtube link", "SC-13 User could have to follow the pages of website"</td>
<td></td>
<td>16</td>
<td>org.example.Runners.TestRunTestNg@6950e31</td></tr>
<tr>
<td title='org.example.Runners.TestRunTestNg.runScenario()'><b>runScenario</b><br>Test class: org.example.Runners.TestRunTestNg<br>Test method: Runs Cucumber Scenarios<br>Parameters: "User search for products with step code", "SC4- Logged User could search for any product"</td>
<td></td>
<td>13</td>
<td>org.example.Runners.TestRunTestNg@6950e31</td></tr>
<tr>
<td title='org.example.Runners.TestRunTestNg.runScenario()'><b>runScenario</b><br>Test class: org.example.Runners.TestRunTestNg<br>Test method: Runs Cucumber Scenarios<br>Parameters: "User try to select different tags", "SC8- Logged user could select different tags"</td>
<td></td>
<td>15</td>
<td>org.example.Runners.TestRunTestNg@6950e31</td></tr>
<tr>
<td title='org.example.Runners.TestRunTestNg.runScenario()'><b>runScenario</b><br>Test class: org.example.Runners.TestRunTestNg<br>Test method: Runs Cucumber Scenarios<br>Parameters: "user try to compare multiple products", "SC11- Logged user could add different products to compare list"</td>
<td></td>
<td>22</td>
<td>org.example.Runners.TestRunTestNg@6950e31</td></tr>
<tr>
<td title='org.example.Runners.TestRunTestNg.runScenario()'><b>runScenario</b><br>Test class: org.example.Runners.TestRunTestNg<br>Test method: Runs Cucumber Scenarios<br>Parameters: "User could be able to add products to wishlist", "SC10- Logged user could add different products to Wishlist"</td>
<td></td>
<td>23</td>
<td>org.example.Runners.TestRunTestNg@6950e31</td></tr>
<tr>
<td title='org.example.Runners.TestRunTestNg.runScenario()'><b>runScenario</b><br>Test class: org.example.Runners.TestRunTestNg<br>Test method: Runs Cucumber Scenarios<br>Parameters: "Logged user switch currency to euro", "SC5- Logged User could switch between currencies US-Euro"</td>
<td></td>
<td>8</td>
<td>org.example.Runners.TestRunTestNg@6950e31</td></tr>
<tr>
<td title='org.example.Runners.TestRunTestNg.runScenario()'><b>runScenario</b><br>Test class: org.example.Runners.TestRunTestNg<br>Test method: Runs Cucumber Scenarios<br>Parameters: "User opens twitter link", "SC-13 User could have to follow the pages of website"</td>
<td></td>
<td>13</td>
<td>org.example.Runners.TestRunTestNg@6950e31</td></tr>
<tr>
<td title='org.example.Runners.TestRunTestNg.runScenario()'><b>runScenario</b><br>Test class: org.example.Runners.TestRunTestNg<br>Test method: Runs Cucumber Scenarios<br>Parameters: "User log in with valid email and password", "SC2- User could log in with valid email and password"</td>
<td></td>
<td>8</td>
<td>org.example.Runners.TestRunTestNg@6950e31</td></tr>
<tr>
<td title='org.example.Runners.TestRunTestNg.runScenario()'><b>runScenario</b><br>Test class: org.example.Runners.TestRunTestNg<br>Test method: Runs Cucumber Scenarios<br>Parameters: "User filter selected item with color", "SC7- Logged user could filter with color"</td>
<td></td>
<td>12</td>
<td>org.example.Runners.TestRunTestNg@6950e31</td></tr>
<tr>
<td title='org.example.Runners.TestRunTestNg.runScenario()'><b>runScenario</b><br>Test class: org.example.Runners.TestRunTestNg<br>Test method: Runs Cucumber Scenarios<br>Parameters: "User want to reset his/her password", "SC3- User could reset his/her password successfully"</td>
<td></td>
<td>7</td>
<td>org.example.Runners.TestRunTestNg@6950e31</td></tr>
<tr>
<td title='org.example.Runners.TestRunTestNg.runScenario()'><b>runScenario</b><br>Test class: org.example.Runners.TestRunTestNg<br>Test method: Runs Cucumber Scenarios<br>Parameters: "User will enter valid to inputs", "SC1- Registration | guest user could register with valid data successfully"</td>
<td></td>
<td>15</td>
<td>org.example.Runners.TestRunTestNg@6950e31</td></tr>
<tr>
<td title='org.example.Runners.TestRunTestNg.runScenario()'><b>runScenario</b><br>Test class: org.example.Runners.TestRunTestNg<br>Test method: Runs Cucumber Scenarios<br>Parameters: "User opens facebook link", "SC-13 User could have to follow the pages of website"</td>
<td></td>
<td>11</td>
<td>org.example.Runners.TestRunTestNg@6950e31</td></tr>
<tr>
<td title='org.example.Runners.TestRunTestNg.runScenario()'><b>runScenario</b><br>Test class: org.example.Runners.TestRunTestNg<br>Test method: Runs Cucumber Scenarios<br>Parameters: "User search about product", "SC4- Logged User could search for any product"</td>
<td></td>
<td>12</td>
<td>org.example.Runners.TestRunTestNg@6950e31</td></tr>
</table><p>
</body>
</html>