<?xml version="1.0" encoding="UTF-8"?>
<!-- Generated by org.testng.reporters.JUnitXMLReporter -->
<testsuite hostname="AH" ignored="0" name="Surefire test" tests="20" failures="3" timestamp="2022-06-09T13:51:58 EET" time="296.03" errors="0">
  <testcase name="runScenario" time="15.265" classname="io.cucumber.testng.AbstractTestNGCucumberTests"/>
  <testcase name="runScenario" time="8.161" classname="io.cucumber.testng.AbstractTestNGCucumberTests"/>
  <testcase name="runScenario" time="7.862" classname="io.cucumber.testng.AbstractTestNGCucumberTests"/>
  <testcase name="runScenario" time="12.395" classname="io.cucumber.testng.AbstractTestNGCucumberTests"/>
  <testcase name="runScenario" time="13.273" classname="io.cucumber.testng.AbstractTestNGCucumberTests"/>
  <testcase name="runScenario" time="8.184" classname="io.cucumber.testng.AbstractTestNGCucumberTests"/>
  <testcase name="runScenario" time="12.289" classname="io.cucumber.testng.AbstractTestNGCucumberTests"/>
  <testcase name="runScenario" time="12.189" classname="io.cucumber.testng.AbstractTestNGCucumberTests"/>
  <testcase name="runScenario" time="15.447" classname="io.cucumber.testng.AbstractTestNGCucumberTests"/>
  <testcase name="runScenario" time="20.032" classname="io.cucumber.testng.AbstractTestNGCucumberTests"/>
  <testcase name="runScenario" time="23.198" classname="io.cucumber.testng.AbstractTestNGCucumberTests"/>
  <testcase name="runScenario" time="22.826" classname="io.cucumber.testng.AbstractTestNGCucumberTests"/>
  <testcase name="runScenario" time="40.835" classname="io.cucumber.testng.AbstractTestNGCucumberTests"/>
  <testcase name="runScenario" time="11.734" classname="io.cucumber.testng.AbstractTestNGCucumberTests"/>
  <testcase name="runScenario" time="13.026" classname="io.cucumber.testng.AbstractTestNGCucumberTests"/>
  <testcase name="runScenario" time="9.739" classname="io.cucumber.testng.AbstractTestNGCucumberTests">
    <failure type="java.lang.IndexOutOfBoundsException" message="Index: 1, Size: 1">
      <![CDATA[java.lang.IndexOutOfBoundsException: Index: 1, Size: 1
at java.util.ArrayList.rangeCheck(ArrayList.java:653)
at java.util.ArrayList.get(ArrayList.java:429)
at org.example.StepsCode.C13_FollowUs.openRss(C13_FollowUs.java:83)
at ✽.User opens rss link(file:///D:/FWD-SCHOLARSHIP/AutomationProject/src/main/resources/Features/SC13_FollowUs.feature:27)
]]>
    </failure>
  </testcase> <!-- runScenario -->
  <testcase name="runScenario" time="16.668" classname="io.cucumber.testng.AbstractTestNGCucumberTests"/>
  <testcase name="runScenario" time="10.179" classname="io.cucumber.testng.AbstractTestNGCucumberTests">
    <failure type="org.junit.ComparisonFailure" message="expected:&amp;lt;...emo.nopcommerce.com/[]&amp;gt; but was:&amp;lt;...emo.nopcommerce.com/[nokia-lumia-1020]&amp;gt;">
      <![CDATA[org.junit.ComparisonFailure: expected:<...emo.nopcommerce.com/[]> but was:<...emo.nopcommerce.com/[nokia-lumia-1020]>
at org.junit.Assert.assertEquals(Assert.java:117)
at org.junit.Assert.assertEquals(Assert.java:146)
at org.example.StepsCode.C14_HomeSlider.confirmShowOne(C14_HomeSlider.java:21)
at ✽.Relative product for first slider is displayed(file:///D:/FWD-SCHOLARSHIP/AutomationProject/src/main/resources/Features/SC14_HomeSlider.feature:11)
]]>
    </failure>
  </testcase> <!-- runScenario -->
  <testcase name="runScenario" time="12.015" classname="io.cucumber.testng.AbstractTestNGCucumberTests">
    <failure type="org.junit.ComparisonFailure" message="expected:&amp;lt;...emo.nopcommerce.com/[]&amp;gt; but was:&amp;lt;...emo.nopcommerce.com/[iphone-6]&amp;gt;">
      <![CDATA[org.junit.ComparisonFailure: expected:<...emo.nopcommerce.com/[]> but was:<...emo.nopcommerce.com/[iphone-6]>
at org.junit.Assert.assertEquals(Assert.java:117)
at org.junit.Assert.assertEquals(Assert.java:146)
at org.example.StepsCode.C14_HomeSlider.confirmShowTwo(C14_HomeSlider.java:35)
at ✽.Relative product for second slider is displayed(file:///D:/FWD-SCHOLARSHIP/AutomationProject/src/main/resources/Features/SC14_HomeSlider.feature:21)
]]>
    </failure>
  </testcase> <!-- runScenario -->
  <testcase name="runScenario" time="10.156" classname="io.cucumber.testng.AbstractTestNGCucumberTests"/>
</testsuite> <!-- Surefire test -->
