<?xml version="1.0" encoding="UTF-8"?>
<testsuite xmlns:xsi="http://www.w3.org/2001/XMLSchema-instance" xsi:noNamespaceSchemaLocation="https://maven.apache.org/surefire/maven-surefire-plugin/xsd/surefire-test-report-3.0.xsd" version="3.0" name="org.example.Runners.TestRunTestNg" time="327.615" tests="19" errors="0" skipped="0" failures="2">
  <properties>
[...]
</properties>
  <testcase name="runScenario[&quot;User will enter valid to inputs&quot;, &quot;SC1- Registration | guest user could register with valid data successfully&quot;](1)" classname="org.example.Runners.TestRunTestNg" time="19.366">
    <system-out><![CDATA[D:\FWD-SCHOLARSHIP\AutomationProject\src\main\resources\chromedriver.exe
]]></system-out>
    <system-err><![CDATA[SLF4J: Failed to load class "org.slf4j.impl.StaticLoggerBinder".
SLF4J: Defaulting to no-operation (NOP) logger implementation
SLF4J: See http://www.slf4j.org/codes.html#StaticLoggerBinder for further details.
Starting ChromeDriver 102.0.5005.61 (0e59bcc00cc4985ce39ad31c150065f159d95ad3-refs/branch-heads/5005@{#819}) on port 57562
Only local connections are allowed.
Please see https://chromedriver.chromium.org/security-considerations for suggestions on keeping ChromeDriver safe.
ChromeDriver was started successfully.
Jun 10, 2022 6:59:11 PM org.openqa.selenium.remote.ProtocolHandshake createSession
INFO: Detected upstream dialect: W3C
Jun 10, 2022 6:59:11 PM org.openqa.selenium.devtools.CdpVersionFinder findNearestMatch
INFO: Found exact CDP implementation for version 102
]]></system-err>
  </testcase>
  <testcase name="runScenario[&quot;User log in with valid email and password&quot;, &quot;SC2- User could log in with valid email and password&quot;](2)" classname="org.example.Runners.TestRunTestNg" time="14.529">
    <system-out><![CDATA[D:\FWD-SCHOLARSHIP\AutomationProject\src\main\resources\chromedriver.exe
]]></system-out>
    <system-err><![CDATA[Starting ChromeDriver 102.0.5005.61 (0e59bcc00cc4985ce39ad31c150065f159d95ad3-refs/branch-heads/5005@{#819}) on port 52643
Only local connections are allowed.
Please see https://chromedriver.chromium.org/security-considerations for suggestions on keeping ChromeDriver safe.
ChromeDriver was started successfully.
Jun 10, 2022 6:59:29 PM org.openqa.selenium.remote.ProtocolHandshake createSession
INFO: Detected upstream dialect: W3C
Jun 10, 2022 6:59:29 PM org.openqa.selenium.devtools.CdpVersionFinder findNearestMatch
INFO: Found exact CDP implementation for version 102
]]></system-err>
  </testcase>
  <testcase name="runScenario[&quot;User want to reset his/her password&quot;, &quot;SC3- User could reset his/her password successfully&quot;](3)" classname="org.example.Runners.TestRunTestNg" time="8.094">
    <system-out><![CDATA[D:\FWD-SCHOLARSHIP\AutomationProject\src\main\resources\chromedriver.exe
]]></system-out>
    <system-err><![CDATA[Starting ChromeDriver 102.0.5005.61 (0e59bcc00cc4985ce39ad31c150065f159d95ad3-refs/branch-heads/5005@{#819}) on port 63196
Only local connections are allowed.
Please see https://chromedriver.chromium.org/security-considerations for suggestions on keeping ChromeDriver safe.
ChromeDriver was started successfully.
Jun 10, 2022 6:59:44 PM org.openqa.selenium.remote.ProtocolHandshake createSession
INFO: Detected upstream dialect: W3C
Jun 10, 2022 6:59:44 PM org.openqa.selenium.devtools.CdpVersionFinder findNearestMatch
INFO: Found exact CDP implementation for version 102
]]></system-err>
  </testcase>
  <testcase name="runScenario[&quot;User search about product&quot;, &quot;SC4- Logged User could search for any product&quot;](4)" classname="org.example.Runners.TestRunTestNg" time="14.06">
    <system-out><![CDATA[D:\FWD-SCHOLARSHIP\AutomationProject\src\main\resources\chromedriver.exe
]]></system-out>
    <system-err><![CDATA[Starting ChromeDriver 102.0.5005.61 (0e59bcc00cc4985ce39ad31c150065f159d95ad3-refs/branch-heads/5005@{#819}) on port 59664
Only local connections are allowed.
Please see https://chromedriver.chromium.org/security-considerations for suggestions on keeping ChromeDriver safe.
ChromeDriver was started successfully.
Jun 10, 2022 6:59:52 PM org.openqa.selenium.remote.ProtocolHandshake createSession
INFO: Detected upstream dialect: W3C
Jun 10, 2022 6:59:52 PM org.openqa.selenium.devtools.CdpVersionFinder findNearestMatch
INFO: Found exact CDP implementation for version 102
]]></system-err>
  </testcase>
  <testcase name="runScenario[&quot;User search for products with step code&quot;, &quot;SC4- Logged User could search for any product&quot;](5)" classname="org.example.Runners.TestRunTestNg" time="12.382">
    <system-out><![CDATA[D:\FWD-SCHOLARSHIP\AutomationProject\src\main\resources\chromedriver.exe
]]></system-out>
    <system-err><![CDATA[Starting ChromeDriver 102.0.5005.61 (0e59bcc00cc4985ce39ad31c150065f159d95ad3-refs/branch-heads/5005@{#819}) on port 65499
Only local connections are allowed.
Please see https://chromedriver.chromium.org/security-considerations for suggestions on keeping ChromeDriver safe.
ChromeDriver was started successfully.
Jun 10, 2022 7:00:06 PM org.openqa.selenium.remote.ProtocolHandshake createSession
INFO: Detected upstream dialect: W3C
Jun 10, 2022 7:00:06 PM org.openqa.selenium.devtools.CdpVersionFinder findNearestMatch
INFO: Found exact CDP implementation for version 102
]]></system-err>
  </testcase>
  <testcase name="runScenario[&quot;Logged user switch currency to euro&quot;, &quot;SC5- Logged User could switch between currencies US-Euro&quot;](6)" classname="org.example.Runners.TestRunTestNg" time="10.421">
    <system-out><![CDATA[D:\FWD-SCHOLARSHIP\AutomationProject\src\main\resources\chromedriver.exe
]]></system-out>
    <system-err><![CDATA[Starting ChromeDriver 102.0.5005.61 (0e59bcc00cc4985ce39ad31c150065f159d95ad3-refs/branch-heads/5005@{#819}) on port 65465
Only local connections are allowed.
Please see https://chromedriver.chromium.org/security-considerations for suggestions on keeping ChromeDriver safe.
ChromeDriver was started successfully.
Jun 10, 2022 7:00:18 PM org.openqa.selenium.remote.ProtocolHandshake createSession
INFO: Detected upstream dialect: W3C
Jun 10, 2022 7:00:18 PM org.openqa.selenium.devtools.CdpVersionFinder findNearestMatch
INFO: Found exact CDP implementation for version 102
]]></system-err>
  </testcase>
  <testcase name="runScenario[&quot;Logged user select Category&quot;, &quot;SC6- Logged user could select different Categories&quot;](7)" classname="org.example.Runners.TestRunTestNg" time="13.05">
    <system-out><![CDATA[D:\FWD-SCHOLARSHIP\AutomationProject\src\main\resources\chromedriver.exe
desktops
]]></system-out>
    <system-err><![CDATA[Starting ChromeDriver 102.0.5005.61 (0e59bcc00cc4985ce39ad31c150065f159d95ad3-refs/branch-heads/5005@{#819}) on port 55046
Only local connections are allowed.
Please see https://chromedriver.chromium.org/security-considerations for suggestions on keeping ChromeDriver safe.
ChromeDriver was started successfully.
Jun 10, 2022 7:00:29 PM org.openqa.selenium.remote.ProtocolHandshake createSession
INFO: Detected upstream dialect: W3C
Jun 10, 2022 7:00:29 PM org.openqa.selenium.devtools.CdpVersionFinder findNearestMatch
INFO: Found exact CDP implementation for version 102
]]></system-err>
  </testcase>
  <testcase name="runScenario[&quot;User filter selected item with color&quot;, &quot;SC7- Logged user could filter with color&quot;](8)" classname="org.example.Runners.TestRunTestNg" time="12.456">
    <system-out><![CDATA[D:\FWD-SCHOLARSHIP\AutomationProject\src\main\resources\chromedriver.exe
]]></system-out>
    <system-err><![CDATA[Starting ChromeDriver 102.0.5005.61 (0e59bcc00cc4985ce39ad31c150065f159d95ad3-refs/branch-heads/5005@{#819}) on port 54661
Only local connections are allowed.
Please see https://chromedriver.chromium.org/security-considerations for suggestions on keeping ChromeDriver safe.
ChromeDriver was started successfully.
Jun 10, 2022 7:00:42 PM org.openqa.selenium.remote.ProtocolHandshake createSession
INFO: Detected upstream dialect: W3C
Jun 10, 2022 7:00:42 PM org.openqa.selenium.devtools.CdpVersionFinder findNearestMatch
INFO: Found exact CDP implementation for version 102
]]></system-err>
  </testcase>
  <testcase name="runScenario[&quot;User try to select different tags&quot;, &quot;SC8- Logged user could select different tags&quot;](9)" classname="org.example.Runners.TestRunTestNg" time="16.723">
    <system-out><![CDATA[D:\FWD-SCHOLARSHIP\AutomationProject\src\main\resources\chromedriver.exe
desktops
]]></system-out>
    <system-err><![CDATA[Starting ChromeDriver 102.0.5005.61 (0e59bcc00cc4985ce39ad31c150065f159d95ad3-refs/branch-heads/5005@{#819}) on port 51507
Only local connections are allowed.
Please see https://chromedriver.chromium.org/security-considerations for suggestions on keeping ChromeDriver safe.
ChromeDriver was started successfully.
Jun 10, 2022 7:00:54 PM org.openqa.selenium.remote.ProtocolHandshake createSession
INFO: Detected upstream dialect: W3C
Jun 10, 2022 7:00:54 PM org.openqa.selenium.devtools.CdpVersionFinder findNearestMatch
INFO: Found exact CDP implementation for version 102
]]></system-err>
  </testcase>
  <testcase name="runScenario[&quot;User try to add product to shopping cart&quot;, &quot;SC9- Logged user could add different products to Shopping cart&quot;](10)" classname="org.example.Runners.TestRunTestNg" time="13.642">
    <system-out><![CDATA[D:\FWD-SCHOLARSHIP\AutomationProject\src\main\resources\chromedriver.exe
]]></system-out>
    <system-err><![CDATA[Starting ChromeDriver 102.0.5005.61 (0e59bcc00cc4985ce39ad31c150065f159d95ad3-refs/branch-heads/5005@{#819}) on port 52127
Only local connections are allowed.
Please see https://chromedriver.chromium.org/security-considerations for suggestions on keeping ChromeDriver safe.
ChromeDriver was started successfully.
Jun 10, 2022 7:01:11 PM org.openqa.selenium.remote.ProtocolHandshake createSession
INFO: Detected upstream dialect: W3C
Jun 10, 2022 7:01:11 PM org.openqa.selenium.devtools.CdpVersionFinder findNearestMatch
INFO: Found exact CDP implementation for version 102
]]></system-err>
  </testcase>
  <testcase name="runScenario[&quot;User could be able to add products to wishlist&quot;, &quot;SC10- Logged user could add different products to Wishlist&quot;](11)" classname="org.example.Runners.TestRunTestNg" time="24.507">
    <system-out><![CDATA[D:\FWD-SCHOLARSHIP\AutomationProject\src\main\resources\chromedriver.exe
rgba(75, 176, 122, 1)

@regression
Scenario: User will enter valid to inputs     &amp#27;[90m# src/main/resources/Features/SC01_Registration.feature:4&amp#27;[0m
  &amp#27;[32mGiven &amp#27;[0m&amp#27;[32mUser should have an email to register&amp#27;[0m &amp#27;[90m# org.example.StepsCode.C01_Registration.createEmail()&amp#27;[0m
  &amp#27;[32mAnd &amp#27;[0m&amp#27;[32mUser navigate to register page&amp#27;[0m          &amp#27;[90m# org.example.StepsCode.C01_Registration.navigateToRegisterPage()&amp#27;[0m
  &amp#27;[32mWhen &amp#27;[0m&amp#27;[32mUser enter valid data&amp#27;[0m                  &amp#27;[90m# org.example.StepsCode.C01_Registration.enterValidData()&amp#27;[0m
  &amp#27;[32mThen &amp#27;[0m&amp#27;[32mUser could be register successfully&amp#27;[0m    &amp#27;[90m# org.example.StepsCode.C01_Registration.User_register_Successfully()&amp#27;[0m

@regression
Scenario: User log in with valid email and password &amp#27;[90m# src/main/resources/Features/SC02_Login.feature:4&amp#27;[0m
  &amp#27;[32mGiven &amp#27;[0m&amp#27;[32mUser navigate to login page&amp#27;[0m                 &amp#27;[90m# org.example.StepsCode.C02_Login.goToLoginPage()&amp#27;[0m
  &amp#27;[32mWhen &amp#27;[0m&amp#27;[32mUser enter valid email&amp#27;[0m                       &amp#27;[90m# org.example.StepsCode.C02_Login.emailField()&amp#27;[0m
  &amp#27;[32mAnd &amp#27;[0m&amp#27;[32mUser enter valid password&amp#27;[0m                     &amp#27;[90m# org.example.StepsCode.C02_Login.passwordField()&amp#27;[0m
  &amp#27;[32mAnd &amp#27;[0m&amp#27;[32mUser Click to login button&amp#27;[0m                    &amp#27;[90m# org.example.StepsCode.C02_Login.loginBtn()&amp#27;[0m
  &amp#27;[32mThen &amp#27;[0m&amp#27;[32mUser could be logged in successfully&amp#27;[0m         &amp#27;[90m# org.example.StepsCode.C02_Login.login_Successfully()&amp#27;[0m

@regression
Scenario: User want to reset his/her password                    &amp#27;[90m# src/main/resources/Features/SC03_ResetPassword.feature:5&amp#27;[0m
  &amp#27;[32mGiven &amp#27;[0m&amp#27;[32mUser navigate to login page directly&amp#27;[0m                     &amp#27;[90m# org.example.StepsCode.C03_Reset_Password.goToLoginPage()&amp#27;[0m
  &amp#27;[32mWhen &amp#27;[0m&amp#27;[32mUser enter the reset password button&amp#27;[0m                      &amp#27;[90m# org.example.StepsCode.C03_Reset_Password.clickForgetBtn()&amp#27;[0m
  &amp#27;[32mAnd &amp#27;[0m&amp#27;[32mUser enter his email to send the key to reset the password&amp#27;[0m &amp#27;[90m# org.example.StepsCode.C03_Reset_Password.enterEmailOfUser()&amp#27;[0m
  &amp#27;[32mAnd &amp#27;[0m&amp#27;[32mUser clicked to reset button&amp#27;[0m                               &amp#27;[90m# org.example.StepsCode.C03_Reset_Password.clickRestBtn()&amp#27;[0m
  &amp#27;[32mThen &amp#27;[0m&amp#27;[32mThe website send to email hsa been register&amp#27;[0m               &amp#27;[90m# org.example.StepsCode.C03_Reset_Password.restPasswordSuccessfully()&amp#27;[0m

@regression
Scenario: User search about product                                      &amp#27;[90m# src/main/resources/Features/SC04_SearchProduct.feature:6&amp#27;[0m
  &amp#27;[32mGiven &amp#27;[0m&amp#27;[32mUser should to be logged in successfully&amp#27;[0m                         &amp#27;[90m# org.example.StepsCode.C04_SearchProduct.login()&amp#27;[0m
  &amp#27;[32mWhen &amp#27;[0m&amp#27;[32mUser Write the name of product an Ex:"&amp#27;[0m&amp#27;[32m&amp#27;[1mCamera&amp#27;[0m&amp#27;[32m"&amp#27;[0m                     &amp#27;[90m# org.example.StepsCode.C04_SearchProduct.enterProductName(java.lang.String)&amp#27;[0m
  &amp#27;[32mAnd &amp#27;[0m&amp#27;[32mUser clicked to enter button in keyboard&amp#27;[0m                           &amp#27;[90m# org.example.StepsCode.C04_SearchProduct.clickSearchBtn()&amp#27;[0m
  &amp#27;[32mThen &amp#27;[0m&amp#27;[32mThe website should appear the results related to the product name&amp#27;[0m &amp#27;[90m# org.example.StepsCode.C04_SearchProduct.showProductResult()&amp#27;[0m

@regression
Scenario: User search for products with step code                        &amp#27;[90m# src/main/resources/Features/SC04_SearchProduct.feature:19&amp#27;[0m
  &amp#27;[32mGiven &amp#27;[0m&amp#27;[32mUser should to be logged in successfully&amp#27;[0m                         &amp#27;[90m# org.example.StepsCode.C04_SearchProduct.login()&amp#27;[0m
  &amp#27;[32mWhen &amp#27;[0m&amp#27;[32mUser Write the step code of product an Ex:"&amp#27;[0m&amp#27;[32m&amp#27;[1mAP_MBP_13&amp#27;[0m&amp#27;[32m"&amp#27;[0m             &amp#27;[90m# org.example.StepsCode.C04_SearchProduct.searchStepCode(java.lang.String)&amp#27;[0m
  &amp#27;[32mAnd &amp#27;[0m&amp#27;[32mUser clicked to enter button in keyboard&amp#27;[0m                           &amp#27;[90m# org.example.StepsCode.C04_SearchProduct.clickSearchBtn()&amp#27;[0m
  &amp#27;[32mThen &amp#27;[0m&amp#27;[32mThe website should appear the results related to the product name&amp#27;[0m &amp#27;[90m# org.example.StepsCode.C04_SearchProduct.showProductResult()&amp#27;[0m

@regression
Scenario: Logged user switch currency to euro                     &amp#27;[90m# src/main/resources/Features/SC05_SwitchCurrencies.feature:4&amp#27;[0m
  &amp#27;[32mGiven &amp#27;[0m&amp#27;[32mUser should to be logged in successfully&amp#27;[0m                  &amp#27;[90m# org.example.StepsCode.C04_SearchProduct.login()&amp#27;[0m
  &amp#27;[32mWhen &amp#27;[0m&amp#27;[32mUser choose "Euro" as a main currency from static dropdown&amp#27;[0m &amp#27;[90m# org.example.StepsCode.C05_SwitchCurrencies.changeCurrencies()&amp#27;[0m
  &amp#27;[32mThen &amp#27;[0m&amp#27;[32mThe currency in the website should to be changed&amp#27;[0m           &amp#27;[90m# org.example.StepsCode.C05_SwitchCurrencies.confirmationChange()&amp#27;[0m

@regression
Scenario: Logged user select Category                                                  &amp#27;[90m# src/main/resources/Features/SC06_SelectCategories.feature:4&amp#27;[0m
  &amp#27;[32mGiven &amp#27;[0m&amp#27;[32mUser should to be logged in successfully&amp#27;[0m                                       &amp#27;[90m# org.example.StepsCode.C04_SearchProduct.login()&amp#27;[0m
  &amp#27;[32mWhen &amp#27;[0m&amp#27;[32mUser select any category&amp#27;[0m                                                        &amp#27;[90m# org.example.StepsCode.C06_SelectCategory.userSelectCategory()&amp#27;[0m
  &amp#27;[32mThen &amp#27;[0m&amp#27;[32mThe website should to appear the products that related to the category selected&amp#27;[0m &amp#27;[90m# org.example.StepsCode.C06_SelectCategory.confirmSelectCategory()&amp#27;[0m

@regression
Scenario: User filter selected item with color                    &amp#27;[90m# src/main/resources/Features/SC07_FilterColor.feature:4&amp#27;[0m
  &amp#27;[32mGiven &amp#27;[0m&amp#27;[32mUser should to be logged in successfully&amp#27;[0m                  &amp#27;[90m# org.example.StepsCode.C04_SearchProduct.login()&amp#27;[0m
  &amp#27;[32mAnd &amp#27;[0m&amp#27;[32mUser should to select an item to filter&amp#27;[0m                     &amp#27;[90m# org.example.StepsCode.C07_FilterColor.selectProduct()&amp#27;[0m
  &amp#27;[32mWhen &amp#27;[0m&amp#27;[32mUser filter items by color option&amp#27;[0m                          &amp#27;[90m# org.example.StepsCode.C07_FilterColor.chooseColor()&amp#27;[0m
  &amp#27;[32mThen &amp#27;[0m&amp#27;[32mUser appear for him the filter items with color he choosed&amp#27;[0m &amp#27;[90m# org.example.StepsCode.C07_FilterColor.confirmFilter()&amp#27;[0m

@regression
Scenario: User try to select different tags                      &amp#27;[90m# src/main/resources/Features/SC08_SelectDifferentTags.feature:4&amp#27;[0m
  &amp#27;[32mGiven &amp#27;[0m&amp#27;[32mUser should to be logged in successfully&amp#27;[0m                 &amp#27;[90m# org.example.StepsCode.C04_SearchProduct.login()&amp#27;[0m
  &amp#27;[32mAnd &amp#27;[0m&amp#27;[32mUser select any category&amp#27;[0m                                   &amp#27;[90m# org.example.StepsCode.C06_SelectCategory.userSelectCategory()&amp#27;[0m
  &amp#27;[32mWhen &amp#27;[0m&amp#27;[32mUser select different tags&amp#27;[0m                                &amp#27;[90m# org.example.StepsCode.C08_SelectTags.selectTag()&amp#27;[0m
  &amp#27;[32mThen &amp#27;[0m&amp#27;[32mUser appear for him results of related items for this tag&amp#27;[0m &amp#27;[90m# org.example.StepsCode.C08_SelectTags.confirmTag()&amp#27;[0m

@regression
Scenario: User try to add product to shopping cart       &amp#27;[90m# src/main/resources/Features/SC09_AddToShoppingCart.feature:4&amp#27;[0m
  &amp#27;[32mAnd &amp#27;[0m&amp#27;[32mUser go to home page to shop any product&amp#27;[0m           &amp#27;[90m# org.example.StepsCode.C09_AddToShoppingCart.goToHomePage()&amp#27;[0m
  &amp#27;[32mWhen &amp#27;[0m&amp#27;[32mUser add products to cart&amp#27;[0m                         &amp#27;[90m# org.example.StepsCode.C09_AddToShoppingCart.addToCart()&amp#27;[0m
  &amp#27;[32mThen &amp#27;[0m&amp#27;[32mUser should to find the products in shopping cart&amp#27;[0m &amp#27;[90m# org.example.StepsCode.C09_AddToShoppingCart.checkAddProducts()&amp#27;[0m

@regression
Scenario: User could be able to add products to wishlist               &amp#27;[90m# src/main/resources/Features/SC10_AddToWishList.feature:4&amp#27;[0m
  &amp#27;[32mGiven &amp#27;[0m&amp#27;[32mUser logged in successfully&amp#27;[0m                                    &amp#27;[90m# org.example.StepsCode.C10_AddToWishList.login()&amp#27;[0m
  &amp#27;[32mAnd &amp#27;[0m&amp#27;[32mUser go to home page to shop any product&amp#27;[0m                         &amp#27;[90m# org.example.StepsCode.C09_AddToShoppingCart.goToHomePage()&amp#27;[0m
  &amp#27;[32mWhen &amp#27;[0m&amp#27;[32mUser select different products to wishlist&amp#27;[0m                      &amp#27;[90m# org.example.StepsCode.C10_AddToWishList.selectProduct()&amp#27;[0m
  &amp#27;[32mThen &amp#27;[0m&amp#27;[32mUser show green message for successful add products to wishlist&amp#27;[0m &amp#27;[90m# org.example.StepsCode.C10_AddToWishList.confirmMessage()&amp#27;[0m
  &amp#27;[32mAnd &amp#27;[0m&amp#27;[32mUser open wishlist page and find the items has been s]]></system-out>
    <system-err><![CDATA[Starting ChromeDriver 102.0.5005.61 (0e59bcc00cc4985ce39ad31c150065f159d95ad3-refs/branch-heads/5005@{#819}) on port 52162
Only local connections are allowed.
Please see https://chromedriver.chromium.org/security-considerations for suggestions on keeping ChromeDriver safe.
ChromeDriver was started successfully.
Jun 10, 2022 7:01:25 PM org.openqa.selenium.remote.ProtocolHandshake createSession
INFO: Detected upstream dialect: W3C
Jun 10, 2022 7:01:25 PM org.openqa.selenium.devtools.CdpVersionFinder findNearestMatch
INFO: Found exact CDP implementation for version 102
]]></system-err>
  </testcase>
  <testcase name="runScenario[&quot;user try to compare multiple products&quot;, &quot;SC11- Logged user could add different products to compare list&quot;](12)" classname="org.example.Runners.TestRunTestNg" time="25.895">
    <system-out><![CDATA[D:\FWD-SCHOLARSHIP\AutomationProject\src\main\resources\chromedriver.exe
]]></system-out>
    <system-err><![CDATA[Starting ChromeDriver 102.0.5005.61 (0e59bcc00cc4985ce39ad31c150065f159d95ad3-refs/branch-heads/5005@{#819}) on port 49783
Only local connections are allowed.
Please see https://chromedriver.chromium.org/security-considerations for suggestions on keeping ChromeDriver safe.
ChromeDriver was started successfully.
Jun 10, 2022 7:01:49 PM org.openqa.selenium.remote.ProtocolHandshake createSession
INFO: Detected upstream dialect: W3C
Jun 10, 2022 7:01:49 PM org.openqa.selenium.devtools.CdpVersionFinder findNearestMatch
INFO: Found exact CDP implementation for version 102
]]></system-err>
  </testcase>
  <testcase name="runScenario[&quot;User make an order&quot;, &quot;SC12- Create successful Order&quot;](13)" classname="org.example.Runners.TestRunTestNg" time="48.043">
    <system-out><![CDATA[D:\FWD-SCHOLARSHIP\AutomationProject\src\main\resources\chromedriver.exe
]]></system-out>
    <system-err><![CDATA[Starting ChromeDriver 102.0.5005.61 (0e59bcc00cc4985ce39ad31c150065f159d95ad3-refs/branch-heads/5005@{#819}) on port 63801
Only local connections are allowed.
Please see https://chromedriver.chromium.org/security-considerations for suggestions on keeping ChromeDriver safe.
ChromeDriver was started successfully.
Jun 10, 2022 7:02:15 PM org.openqa.selenium.remote.ProtocolHandshake createSession
INFO: Detected upstream dialect: W3C
Jun 10, 2022 7:02:15 PM org.openqa.selenium.devtools.CdpVersionFinder findNearestMatch
INFO: Found exact CDP implementation for version 102
]]></system-err>
  </testcase>
  <testcase name="runScenario[&quot;User opens facebook link&quot;, &quot;SC-13 User could have to follow the pages of website&quot;](14)" classname="org.example.Runners.TestRunTestNg" time="12.208">
    <system-out><![CDATA[D:\FWD-SCHOLARSHIP\AutomationProject\src\main\resources\chromedriver.exe
]]></system-out>
    <system-err><![CDATA[Starting ChromeDriver 102.0.5005.61 (0e59bcc00cc4985ce39ad31c150065f159d95ad3-refs/branch-heads/5005@{#819}) on port 57768
Only local connections are allowed.
Please see https://chromedriver.chromium.org/security-considerations for suggestions on keeping ChromeDriver safe.
ChromeDriver was started successfully.
Jun 10, 2022 7:03:03 PM org.openqa.selenium.remote.ProtocolHandshake createSession
INFO: Detected upstream dialect: W3C
Jun 10, 2022 7:03:03 PM org.openqa.selenium.devtools.CdpVersionFinder findNearestMatch
INFO: Found exact CDP implementation for version 102
]]></system-err>
  </testcase>
  <testcase name="runScenario[&quot;User opens twitter link&quot;, &quot;SC-13 User could have to follow the pages of website&quot;](15)" classname="org.example.Runners.TestRunTestNg" time="17.293">
    <system-out><![CDATA[D:\FWD-SCHOLARSHIP\AutomationProject\src\main\resources\chromedriver.exe
]]></system-out>
    <system-err><![CDATA[Starting ChromeDriver 102.0.5005.61 (0e59bcc00cc4985ce39ad31c150065f159d95ad3-refs/branch-heads/5005@{#819}) on port 50471
Only local connections are allowed.
Please see https://chromedriver.chromium.org/security-considerations for suggestions on keeping ChromeDriver safe.
ChromeDriver was started successfully.
Jun 10, 2022 7:03:15 PM org.openqa.selenium.remote.ProtocolHandshake createSession
INFO: Detected upstream dialect: W3C
Jun 10, 2022 7:03:15 PM org.openqa.selenium.devtools.CdpVersionFinder findNearestMatch
INFO: Found exact CDP implementation for version 102
]]></system-err>
  </testcase>
  <testcase name="runScenario[&quot;User opens rss link&quot;, &quot;SC-13 User could have to follow the pages of website&quot;](16)" classname="org.example.Runners.TestRunTestNg" time="9.71">
    <failure message="expected [https://demo.nopcommerce.com/new-online-store-is-open] but found [https://demo.nopcommerce.com/news/rss/1]" type="java.lang.AssertionError"><![CDATA[java.lang.AssertionError: expected [https://demo.nopcommerce.com/new-online-store-is-open] but found [https://demo.nopcommerce.com/news/rss/1]
	at org.testng.Assert.fail(Assert.java:110)
	at org.testng.Assert.failNotEquals(Assert.java:1413)
	at org.testng.Assert.assertEqualsImpl(Assert.java:149)
	at org.testng.Assert.assertEquals(Assert.java:131)
	at org.testng.Assert.assertEquals(Assert.java:655)
	at org.testng.Assert.assertEquals(Assert.java:665)
	at org.example.StepsCode.C13_FollowUs.confirmOpenRss(C13_FollowUs.java:89)
	at ✽."https://demo.nopcommerce.com/new-online-store-is-open" rss page is opened(file:///D:/FWD-SCHOLARSHIP/AutomationProject/src/main/resources/Features/SC13_FollowUs.feature:29)
]]></failure>
    <system-out><![CDATA[D:\FWD-SCHOLARSHIP\AutomationProject\src\main\resources\chromedriver.exe
]]></system-out>
    <system-err><![CDATA[Starting ChromeDriver 102.0.5005.61 (0e59bcc00cc4985ce39ad31c150065f159d95ad3-refs/branch-heads/5005@{#819}) on port 52452
Only local connections are allowed.
Please see https://chromedriver.chromium.org/security-considerations for suggestions on keeping ChromeDriver safe.
ChromeDriver was started successfully.
Jun 10, 2022 7:03:33 PM org.openqa.selenium.remote.ProtocolHandshake createSession
INFO: Detected upstream dialect: W3C
Jun 10, 2022 7:03:33 PM org.openqa.selenium.devtools.CdpVersionFinder findNearestMatch
INFO: Found exact CDP implementation for version 102
]]></system-err>
  </testcase>
  <testcase name="runScenario[&quot;User opens youtube link&quot;, &quot;SC-13 User could have to follow the pages of website&quot;](17)" classname="org.example.Runners.TestRunTestNg" time="14.37">
    <system-out><![CDATA[D:\FWD-SCHOLARSHIP\AutomationProject\src\main\resources\chromedriver.exe
]]></system-out>
    <system-err><![CDATA[Starting ChromeDriver 102.0.5005.61 (0e59bcc00cc4985ce39ad31c150065f159d95ad3-refs/branch-heads/5005@{#819}) on port 61014
Only local connections are allowed.
Please see https://chromedriver.chromium.org/security-considerations for suggestions on keeping ChromeDriver safe.
ChromeDriver was started successfully.
Jun 10, 2022 7:03:42 PM org.openqa.selenium.remote.ProtocolHandshake createSession
INFO: Detected upstream dialect: W3C
Jun 10, 2022 7:03:42 PM org.openqa.selenium.devtools.CdpVersionFinder findNearestMatch
INFO: Found exact CDP implementation for version 102
]]></system-err>
  </testcase>
  <testcase name="runScenario[&quot;First slider is clickable on home page&quot;, &quot;SC14- User Can to click to home slider and go to related page&quot;](18)" classname="org.example.Runners.TestRunTestNg" time="9.69">
    <failure message="expected:&lt;...emo.nopcommerce.com/[nokia-lumia-1020]&gt; but was:&lt;...emo.nopcommerce.com/[]&gt;" type="org.junit.ComparisonFailure"><![CDATA[org.junit.ComparisonFailure: expected:<...emo.nopcommerce.com/[nokia-lumia-1020]> but was:<...emo.nopcommerce.com/[]>
	at org.junit.Assert.assertEquals(Assert.java:117)
	at org.junit.Assert.assertEquals(Assert.java:146)
	at org.example.StepsCode.C14_HomeSlider.confirmShowOne(C14_HomeSlider.java:21)
	at ✽.Relative product for first slider is displayed(file:///D:/FWD-SCHOLARSHIP/AutomationProject/src/main/resources/Features/SC14_HomeSlider.feature:11)
]]></failure>
    <system-out><![CDATA[D:\FWD-SCHOLARSHIP\AutomationProject\src\main\resources\chromedriver.exe
]]></system-out>
    <system-err><![CDATA[Starting ChromeDriver 102.0.5005.61 (0e59bcc00cc4985ce39ad31c150065f159d95ad3-refs/branch-heads/5005@{#819}) on port 55119
Only local connections are allowed.
Please see https://chromedriver.chromium.org/security-considerations for suggestions on keeping ChromeDriver safe.
ChromeDriver was started successfully.
Jun 10, 2022 7:03:57 PM org.openqa.selenium.remote.ProtocolHandshake createSession
INFO: Detected upstream dialect: W3C
Jun 10, 2022 7:03:57 PM org.openqa.selenium.devtools.CdpVersionFinder findNearestMatch
INFO: Found exact CDP implementation for version 102
]]></system-err>
  </testcase>
  <testcase name="runScenario[&quot;User scroll down into home page&quot;, &quot;SC15- User should to find products are displayed in home page&quot;](20)" classname="org.example.Runners.TestRunTestNg" time="14.159">
    <system-out><![CDATA[D:\FWD-SCHOLARSHIP\AutomationProject\src\main\resources\chromedriver.exe
elected&amp#27;[0m     &amp#27;[90m# org.example.StepsCode.C10_AddToWishList.checkPage()&amp#27;[0m

@regression
Scenario: user try to compare multiple products            &amp#27;[90m# src/main/resources/Features/SC11_AddToCompareList.feature:4&amp#27;[0m
  &amp#27;[32mGiven &amp#27;[0m&amp#27;[32mUser logged in successfully&amp#27;[0m                        &amp#27;[90m# org.example.StepsCode.C10_AddToWishList.login()&amp#27;[0m
  &amp#27;[32mAnd &amp#27;[0m&amp#27;[32mUser go to home page to shop any product&amp#27;[0m             &amp#27;[90m# org.example.StepsCode.C09_AddToShoppingCart.goToHomePage()&amp#27;[0m
  &amp#27;[32mWhen &amp#27;[0m&amp#27;[32mUser try to compare multiple products&amp#27;[0m               &amp#27;[90m# org.example.StepsCode.C011_AddToCompareList.compareProducts()&amp#27;[0m
  &amp#27;[32mThen &amp#27;[0m&amp#27;[32mSuccessful message for add products to compare list&amp#27;[0m &amp#27;[90m# org.example.StepsCode.C011_AddToCompareList.confirmComparison()&amp#27;[0m
  &amp#27;[32mAnd &amp#27;[0m&amp#27;[32mProducts should to be find into compare list page&amp#27;[0m    &amp#27;[90m# org.example.StepsCode.C011_AddToCompareList.confirmPage()&amp#27;[0m

@regression
Scenario: User make an order                &amp#27;[90m# src/main/resources/Features/SC12_CreateSuccessfulOrder.feature:4&amp#27;[0m
  &amp#27;[32mGiven &amp#27;[0m&amp#27;[32mUser logged in successfully&amp#27;[0m         &amp#27;[90m# org.example.StepsCode.C10_AddToWishList.login()&amp#27;[0m
  &amp#27;[32mWhen &amp#27;[0m&amp#27;[32mUser add products to cart&amp#27;[0m            &amp#27;[90m# org.example.StepsCode.C09_AddToShoppingCart.addToCart()&amp#27;[0m
  &amp#27;[32mAnd &amp#27;[0m&amp#27;[32mUser fill her data for make the order&amp#27;[0m &amp#27;[90m# org.example.StepsCode.C12_CreateOrder.fillData()&amp#27;[0m
  &amp#27;[32mThen &amp#27;[0m&amp#27;[32mOrder should created successfully&amp#27;[0m    &amp#27;[90m# org.example.StepsCode.C12_CreateOrder.confirmOrder()&amp#27;[0m

@regression
Scenario: User opens facebook link                                    &amp#27;[90m# src/main/resources/Features/SC13_FollowUs.feature:5&amp#27;[0m
  &amp#27;[32mGiven &amp#27;[0m&amp#27;[32mUser go to home page&amp#27;[0m                                          &amp#27;[90m# org.example.StepsCode.C13_FollowUs.goToHomePage()&amp#27;[0m
  &amp#27;[32mWhen &amp#27;[0m&amp#27;[32mUser opens facebook link&amp#27;[0m                                       &amp#27;[90m# org.example.StepsCode.C13_FollowUs.userOpensFacebook()&amp#27;[0m
  &amp#27;[32mThen &amp#27;[0m&amp#27;[32m"&amp#27;[0m&amp#27;[32m&amp#27;[1mhttps://www.facebook.com/nopCommerce&amp#27;[0m&amp#27;[32m" facebook page is opened&amp#27;[0m &amp#27;[90m# org.example.StepsCode.C13_FollowUs.confirmOpenFacebook(java.lang.String)&amp#27;[0m

@regression
Scenario: User opens twitter link                               &amp#27;[90m# src/main/resources/Features/SC13_FollowUs.feature:14&amp#27;[0m
  &amp#27;[32mGiven &amp#27;[0m&amp#27;[32mUser go to home page&amp#27;[0m                                    &amp#27;[90m# org.example.StepsCode.C13_FollowUs.goToHomePage()&amp#27;[0m
  &amp#27;[32mWhen &amp#27;[0m&amp#27;[32mUser opens twitter link&amp#27;[0m                                  &amp#27;[90m# org.example.StepsCode.C13_FollowUs.openTwitter()&amp#27;[0m
  &amp#27;[32mThen &amp#27;[0m&amp#27;[32m"&amp#27;[0m&amp#27;[32m&amp#27;[1mhttps://twitter.com/nopCommerce&amp#27;[0m&amp#27;[32m" twitter page is opened&amp#27;[0m &amp#27;[90m# org.example.StepsCode.C13_FollowUs.confimOpenTwitter(java.lang.String)&amp#27;[0m

@regression
Scenario: User opens rss link                                                     &amp#27;[90m# src/main/resources/Features/SC13_FollowUs.feature:23&amp#27;[0m
  &amp#27;[32mGiven &amp#27;[0m&amp#27;[32mUser go to home page&amp#27;[0m                                                      &amp#27;[90m# org.example.StepsCode.C13_FollowUs.goToHomePage()&amp#27;[0m
  &amp#27;[32mWhen &amp#27;[0m&amp#27;[32mUser opens rss link&amp#27;[0m                                                        &amp#27;[90m# org.example.StepsCode.C13_FollowUs.openRss()&amp#27;[0m
  &amp#27;[31mThen &amp#27;[0m&amp#27;[31m"&amp#27;[0m&amp#27;[31m&amp#27;[1mhttps://demo.nopcommerce.com/new-online-store-is-open&amp#27;[0m&amp#27;[31m" rss page is opened&amp#27;[0m &amp#27;[90m# org.example.StepsCode.C13_FollowUs.confirmOpenRss(java.lang.String)&amp#27;[0m
      &amp#27;[31mjava.lang.AssertionError: expected [https://demo.nopcommerce.com/new-online-store-is-open] but found [https://demo.nopcommerce.com/news/rss/1]
	at org.testng.Assert.fail(Assert.java:110)
	at org.testng.Assert.failNotEquals(Assert.java:1413)
	at org.testng.Assert.assertEqualsImpl(Assert.java:149)
	at org.testng.Assert.assertEquals(Assert.java:131)
	at org.testng.Assert.assertEquals(Assert.java:655)
	at org.testng.Assert.assertEquals(Assert.java:665)
	at org.example.StepsCode.C13_FollowUs.confirmOpenRss(C13_FollowUs.java:89)
	at âœ½."https://demo.nopcommerce.com/new-online-store-is-open" rss page is opened(file:///D:/FWD-SCHOLARSHIP/AutomationProject/src/main/resources/Features/SC13_FollowUs.feature:29)
&amp#27;[0m

@regression
Scenario: User opens youtube link                                       &amp#27;[90m# src/main/resources/Features/SC13_FollowUs.feature:31&amp#27;[0m
  &amp#27;[32mGiven &amp#27;[0m&amp#27;[32mUser go to home page&amp#27;[0m                                            &amp#27;[90m# org.example.StepsCode.C13_FollowUs.goToHomePage()&amp#27;[0m
  &amp#27;[32mWhen &amp#27;[0m&amp#27;[32mUser opens youtube link&amp#27;[0m                                          &amp#27;[90m# org.example.StepsCode.C13_FollowUs.openYoutube()&amp#27;[0m
  &amp#27;[32mThen &amp#27;[0m&amp#27;[32m"&amp#27;[0m&amp#27;[32m&amp#27;[1mhttps://www.youtube.com/user/nopCommerce&amp#27;[0m&amp#27;[32m" youtube page is opend&amp#27;[0m &amp#27;[90m# org.example.StepsCode.C13_FollowUs.confirmOpenYoutube(java.lang.String)&amp#27;[0m

@regression
Scenario: First slider is clickable on home page      &amp#27;[90m# src/main/resources/Features/SC14_HomeSlider.feature:5&amp#27;[0m
  &amp#27;[32mGiven &amp#27;[0m&amp#27;[32mUser go to home page&amp#27;[0m                          &amp#27;[90m# org.example.StepsCode.C13_FollowUs.goToHomePage()&amp#27;[0m
  &amp#27;[32mWhen &amp#27;[0m&amp#27;[32mUser click to first slider&amp#27;[0m                     &amp#27;[90m# org.example.StepsCode.C14_HomeSlider.clickToFHomeSlider()&amp#27;[0m
  &amp#27;[31mThen &amp#27;[0m&amp#27;[31mRelative product for first slider is displayed&amp#27;[0m &amp#27;[90m# org.example.StepsCode.C14_HomeSlider.confirmShowOne()&amp#27;[0m
      &amp#27;[31morg.junit.ComparisonFailure: expected:<...emo.nopcommerce.com/[nokia-lumia-1020]> but was:<...emo.nopcommerce.com/[]>
	at org.junit.Assert.assertEquals(Assert.java:117)
	at org.junit.Assert.assertEquals(Assert.java:146)
	at org.example.StepsCode.C14_HomeSlider.confirmShowOne(C14_HomeSlider.java:21)
	at âœ½.Relative product for first slider is displayed(file:///D:/FWD-SCHOLARSHIP/AutomationProject/src/main/resources/Features/SC14_HomeSlider.feature:11)
&amp#27;[0m

@regression
Scenario: Second slider is clickable on home page      &amp#27;[90m# src/main/resources/Features/SC14_HomeSlider.feature:15&amp#27;[0m
  &amp#27;[32mGiven &amp#27;[0m&amp#27;[32mUser go to home page&amp#27;[0m                           &amp#27;[90m# org.example.StepsCode.C13_FollowUs.goToHomePage()&amp#27;[0m
  &amp#27;[31mWhen &amp#27;[0m&amp#27;[31mUser click to second slider&amp#27;[0m                     &amp#27;[90m# org.example.StepsCode.C14_HomeSlider.clickToSHomeSlider()&amp#27;[0m
      &amp#27;[31morg.openqa.selenium.ElementNotInteractableException: element not interactable
  (Session info: chrome=102.0.5005.63)
Build info: version: '4.2.1', revision: 'ac4d0fdd4a'
System info: host: 'AH', ip: '192.168.1.2', os.name: 'Windows 10', os.arch: 'amd64', os.version: '10.0', java.version: '1.8.0_144'
Driver info: org.openqa.selenium.chrome.ChromeDriver
Command: [c07b45befd55f9613d66a0b95a5da6c2, clickElement {id=e3f7d0d4-4b38-4a00-a233-a43dba5e4b9d}]
Capabilities {acceptInsecureCerts: false, browserName: chrome, browserVersion: 102.0.5005.63, chrome: {chromedriverVersion: 102.0.5005.61 (0e59bcc00cc4..., userDataDir: C:\Users\VT\AppData\Local\T...}, goog:chromeOptions: {debuggerAddress: localhost:59215}, networkConnectionEnabled: false, pageLoadStrategy: normal, platformName: WINDOWS, proxy: Proxy(), se:cdp: ws://localhost:59215/devtoo..., se:cdpVersion: 102.0.5005.63, setWindowRect: true, strictFileInteractability: false, timeouts: {implicit: 0, pageLoad: 300000, script: 30000}, unhandledPromptBehavior: dismiss and notify, webauthn:extension:credBlob: true, webauthn:extension:largeBlob: true, webauthn:virtualAuthenticators: true}
Element: [[ChromeDriver: chrome on WINDOWS (c07b45befd55f9613d66a0b95a5da6c2)] -> xpath: (//a[@href="http://demo.nopcommerce.com/"])[2]]
Session ID: c07b45befd55f9613d66a0b95a5da6c2
	at sun.reflect.NativeConstructorAccessorImpl.newInstance0(Native Method)
	at sun.reflect.NativeConstructorAccessorImpl.newInstance(NativeConstructorAccessorImpl.java:62)
	at sun.reflect.DelegatingConstructorAccessorImpl.newInstance(DelegatingConstructorAccessorImpl.java:45)
	at java.lang.reflect.Constructor.newInstance(Constructor.java:423)
	at org.openqa.selenium.remote.codec.w3c.W3CHttpResponseCodec.createException(W3CHttpResponseCodec.java:200)
	at org.openqa.selenium.remote.codec.w3c.W3CHttpResponseCodec.decoD:\FWD-SCHOLARSHIP\AutomationProject\src\main\resources\chromedriver.exe
]]></system-out>
    <system-err><![CDATA[Starting ChromeDriver 102.0.5005.61 (0e59bcc00cc4985ce39ad31c150065f159d95ad3-refs/branch-heads/5005@{#819}) on port 65156
Only local connections are allowed.
Please see https://chromedriver.chromium.org/security-considerations for suggestions on keeping ChromeDriver safe.
ChromeDriver was started successfully.
Jun 10, 2022 7:04:06 PM org.openqa.selenium.remote.ProtocolHandshake createSession
INFO: Detected upstream dialect: W3C
Jun 10, 2022 7:04:06 PM org.openqa.selenium.devtools.CdpVersionFinder findNearestMatch
INFO: Found exact CDP implementation for version 102
Starting ChromeDriver 102.0.5005.61 (0e59bcc00cc4985ce39ad31c150065f159d95ad3-refs/branch-heads/5005@{#819}) on port 58906
Only local connections are allowed.
Please see https://chromedriver.chromium.org/security-considerations for suggestions on keeping ChromeDriver safe.
ChromeDriver was started successfully.
Jun 10, 2022 7:04:22 PM org.openqa.selenium.remote.ProtocolHandshake createSession
INFO: Detected upstream dialect: W3C
Jun 10, 2022 7:04:22 PM org.openqa.selenium.devtools.CdpVersionFinder findNearestMatch
INFO: Found exact CDP implementation for version 102
]]></system-err>
  </testcase>
</testsuite>