<?xml version="1.0" encoding="UTF-8"?>
<testng-results skipped="0" failed="3" ignored="0" total="20" passed="17">
  <reporter-output>
  </reporter-output>
  <suite name="Surefire suite" duration-ms="296030" started-at="2022-06-09T13:47:02 EET" finished-at="2022-06-09T13:51:58 EET">
    <groups>
      <group name="cucumber">
        <method signature="AbstractTestNGCucumberTests.runScenario(io.cucumber.testng.PickleWrapper,io.cucumber.testng.FeatureWrapper)[pri:0, instance:org.example.Runners.TestRunTestNg@6950e31]" name="runScenario" class="io.cucumber.testng.AbstractTestNGCucumberTests"/>
      </group> <!-- cucumber -->
    </groups>
    <test name="Surefire test" duration-ms="296030" started-at="2022-06-09T13:47:02 EET" finished-at="2022-06-09T13:51:58 EET">
      <class name="org.example.Runners.TestRunTestNg">
        <test-method status="PASS" signature="setUpClass(org.testng.ITestContext)[pri:0, instance:org.example.Runners.TestRunTestNg@6950e31]" name="setUpClass" is-config="true" duration-ms="409" started-at="2022-06-09T13:47:02 EET" finished-at="2022-06-09T13:47:02 EET">
          <params>
            <param index="0">
              <value>
                <![CDATA[org.testng.TestRunner@5597ca3]]>
              </value>
            </param>
          </params>
          <reporter-output>
          </reporter-output>
        </test-method> <!-- setUpClass -->
        <test-method status="PASS" signature="runScenario(io.cucumber.testng.PickleWrapper,io.cucumber.testng.FeatureWrapper)[pri:0, instance:org.example.Runners.TestRunTestNg@6950e31]" name="runScenario" duration-ms="15265" started-at="2022-06-09T13:47:02 EET" description="Runs Cucumber Scenarios" data-provider="scenarios" finished-at="2022-06-09T13:47:17 EET">
          <params>
            <param index="0">
              <value>
                <![CDATA["User will enter valid to inputs"]]>
              </value>
            </param>
            <param index="1">
              <value>
                <![CDATA["SC1- Registration | guest user could register with valid data successfully"]]>
              </value>
            </param>
          </params>
          <reporter-output>
          </reporter-output>
        </test-method> <!-- runScenario -->
        <test-method status="PASS" signature="runScenario(io.cucumber.testng.PickleWrapper,io.cucumber.testng.FeatureWrapper)[pri:0, instance:org.example.Runners.TestRunTestNg@6950e31]" name="runScenario" duration-ms="8161" started-at="2022-06-09T13:47:17 EET" description="Runs Cucumber Scenarios" data-provider="scenarios" finished-at="2022-06-09T13:47:26 EET">
          <params>
            <param index="0">
              <value>
                <![CDATA["User log in with valid email and password"]]>
              </value>
            </param>
            <param index="1">
              <value>
                <![CDATA["SC2- User could log in with valid email and password"]]>
              </value>
            </param>
          </params>
          <reporter-output>
          </reporter-output>
        </test-method> <!-- runScenario -->
        <test-method status="PASS" signature="runScenario(io.cucumber.testng.PickleWrapper,io.cucumber.testng.FeatureWrapper)[pri:0, instance:org.example.Runners.TestRunTestNg@6950e31]" name="runScenario" duration-ms="7862" started-at="2022-06-09T13:47:26 EET" description="Runs Cucumber Scenarios" data-provider="scenarios" finished-at="2022-06-09T13:47:33 EET">
          <params>
            <param index="0">
              <value>
                <![CDATA["User want to reset his/her password"]]>
              </value>
            </param>
            <param index="1">
              <value>
                <![CDATA["SC3- User could reset his/her password successfully"]]>
              </value>
            </param>
          </params>
          <reporter-output>
          </reporter-output>
        </test-method> <!-- runScenario -->
        <test-method status="PASS" signature="runScenario(io.cucumber.testng.PickleWrapper,io.cucumber.testng.FeatureWrapper)[pri:0, instance:org.example.Runners.TestRunTestNg@6950e31]" name="runScenario" duration-ms="12395" started-at="2022-06-09T13:47:33 EET" description="Runs Cucumber Scenarios" data-provider="scenarios" finished-at="2022-06-09T13:47:46 EET">
          <params>
            <param index="0">
              <value>
                <![CDATA["User search about product"]]>
              </value>
            </param>
            <param index="1">
              <value>
                <![CDATA["SC4- Logged User could search for any product"]]>
              </value>
            </param>
          </params>
          <reporter-output>
          </reporter-output>
        </test-method> <!-- runScenario -->
        <test-method status="PASS" signature="runScenario(io.cucumber.testng.PickleWrapper,io.cucumber.testng.FeatureWrapper)[pri:0, instance:org.example.Runners.TestRunTestNg@6950e31]" name="runScenario" duration-ms="13273" started-at="2022-06-09T13:47:46 EET" description="Runs Cucumber Scenarios" data-provider="scenarios" finished-at="2022-06-09T13:47:59 EET">
          <params>
            <param index="0">
              <value>
                <![CDATA["User search for products with step code"]]>
              </value>
            </param>
            <param index="1">
              <value>
                <![CDATA["SC4- Logged User could search for any product"]]>
              </value>
            </param>
          </params>
          <reporter-output>
          </reporter-output>
        </test-method> <!-- runScenario -->
        <test-method status="PASS" signature="runScenario(io.cucumber.testng.PickleWrapper,io.cucumber.testng.FeatureWrapper)[pri:0, instance:org.example.Runners.TestRunTestNg@6950e31]" name="runScenario" duration-ms="8184" started-at="2022-06-09T13:47:59 EET" description="Runs Cucumber Scenarios" data-provider="scenarios" finished-at="2022-06-09T13:48:07 EET">
          <params>
            <param index="0">
              <value>
                <![CDATA["Logged user switch currency to euro"]]>
              </value>
            </param>
            <param index="1">
              <value>
                <![CDATA["SC5- Logged User could switch between currencies US-Euro"]]>
              </value>
            </param>
          </params>
          <reporter-output>
          </reporter-output>
        </test-method> <!-- runScenario -->
        <test-method status="PASS" signature="runScenario(io.cucumber.testng.PickleWrapper,io.cucumber.testng.FeatureWrapper)[pri:0, instance:org.example.Runners.TestRunTestNg@6950e31]" name="runScenario" duration-ms="12289" started-at="2022-06-09T13:48:07 EET" description="Runs Cucumber Scenarios" data-provider="scenarios" finished-at="2022-06-09T13:48:20 EET">
          <params>
            <param index="0">
              <value>
                <![CDATA["Logged user select Category"]]>
              </value>
            </param>
            <param index="1">
              <value>
                <![CDATA["SC6- Logged user could select different Categories"]]>
              </value>
            </param>
          </params>
          <reporter-output>
          </reporter-output>
        </test-method> <!-- runScenario -->
        <test-method status="PASS" signature="runScenario(io.cucumber.testng.PickleWrapper,io.cucumber.testng.FeatureWrapper)[pri:0, instance:org.example.Runners.TestRunTestNg@6950e31]" name="runScenario" duration-ms="12189" started-at="2022-06-09T13:48:20 EET" description="Runs Cucumber Scenarios" data-provider="scenarios" finished-at="2022-06-09T13:48:32 EET">
          <params>
            <param index="0">
              <value>
                <![CDATA["User filter selected item with color"]]>
              </value>
            </param>
            <param index="1">
              <value>
                <![CDATA["SC7- Logged user could filter with color"]]>
              </value>
            </param>
          </params>
          <reporter-output>
          </reporter-output>
        </test-method> <!-- runScenario -->
        <test-method status="PASS" signature="runScenario(io.cucumber.testng.PickleWrapper,io.cucumber.testng.FeatureWrapper)[pri:0, instance:org.example.Runners.TestRunTestNg@6950e31]" name="runScenario" duration-ms="15447" started-at="2022-06-09T13:48:32 EET" description="Runs Cucumber Scenarios" data-provider="scenarios" finished-at="2022-06-09T13:48:47 EET">
          <params>
            <param index="0">
              <value>
                <![CDATA["User try to select different tags"]]>
              </value>
            </param>
            <param index="1">
              <value>
                <![CDATA["SC8- Logged user could select different tags"]]>
              </value>
            </param>
          </params>
          <reporter-output>
          </reporter-output>
        </test-method> <!-- runScenario -->
        <test-method status="PASS" signature="runScenario(io.cucumber.testng.PickleWrapper,io.cucumber.testng.FeatureWrapper)[pri:0, instance:org.example.Runners.TestRunTestNg@6950e31]" name="runScenario" duration-ms="20032" started-at="2022-06-09T13:48:47 EET" description="Runs Cucumber Scenarios" data-provider="scenarios" finished-at="2022-06-09T13:49:07 EET">
          <params>
            <param index="0">
              <value>
                <![CDATA["User try to add product to shopping cart"]]>
              </value>
            </param>
            <param index="1">
              <value>
                <![CDATA["SC9- Logged user could add different products to Shopping cart"]]>
              </value>
            </param>
          </params>
          <reporter-output>
          </reporter-output>
        </test-method> <!-- runScenario -->
        <test-method status="PASS" signature="runScenario(io.cucumber.testng.PickleWrapper,io.cucumber.testng.FeatureWrapper)[pri:0, instance:org.example.Runners.TestRunTestNg@6950e31]" name="runScenario" duration-ms="23198" started-at="2022-06-09T13:49:07 EET" description="Runs Cucumber Scenarios" data-provider="scenarios" finished-at="2022-06-09T13:49:30 EET">
          <params>
            <param index="0">
              <value>
                <![CDATA["User could be able to add products to wishlist"]]>
              </value>
            </param>
            <param index="1">
              <value>
                <![CDATA["SC10- Logged user could add different products to Wishlist"]]>
              </value>
            </param>
          </params>
          <reporter-output>
          </reporter-output>
        </test-method> <!-- runScenario -->
        <test-method status="PASS" signature="runScenario(io.cucumber.testng.PickleWrapper,io.cucumber.testng.FeatureWrapper)[pri:0, instance:org.example.Runners.TestRunTestNg@6950e31]" name="runScenario" duration-ms="22826" started-at="2022-06-09T13:49:30 EET" description="Runs Cucumber Scenarios" data-provider="scenarios" finished-at="2022-06-09T13:49:53 EET">
          <params>
            <param index="0">
              <value>
                <![CDATA["user try to compare multiple products"]]>
              </value>
            </param>
            <param index="1">
              <value>
                <![CDATA["SC11- Logged user could add different products to compare list"]]>
              </value>
            </param>
          </params>
          <reporter-output>
          </reporter-output>
        </test-method> <!-- runScenario -->
        <test-method status="PASS" signature="runScenario(io.cucumber.testng.PickleWrapper,io.cucumber.testng.FeatureWrapper)[pri:0, instance:org.example.Runners.TestRunTestNg@6950e31]" name="runScenario" duration-ms="40835" started-at="2022-06-09T13:49:53 EET" description="Runs Cucumber Scenarios" data-provider="scenarios" finished-at="2022-06-09T13:50:34 EET">
          <params>
            <param index="0">
              <value>
                <![CDATA["User make an order"]]>
              </value>
            </param>
            <param index="1">
              <value>
                <![CDATA["SC12- Create successful Order"]]>
              </value>
            </param>
          </params>
          <reporter-output>
          </reporter-output>
        </test-method> <!-- runScenario -->
        <test-method status="PASS" signature="runScenario(io.cucumber.testng.PickleWrapper,io.cucumber.testng.FeatureWrapper)[pri:0, instance:org.example.Runners.TestRunTestNg@6950e31]" name="runScenario" duration-ms="11734" started-at="2022-06-09T13:50:34 EET" description="Runs Cucumber Scenarios" data-provider="scenarios" finished-at="2022-06-09T13:50:46 EET">
          <params>
            <param index="0">
              <value>
                <![CDATA["User opens facebook link"]]>
              </value>
            </param>
            <param index="1">
              <value>
                <![CDATA["SC-13 User could have to follow the pages of website"]]>
              </value>
            </param>
          </params>
          <reporter-output>
          </reporter-output>
        </test-method> <!-- runScenario -->
        <test-method status="PASS" signature="runScenario(io.cucumber.testng.PickleWrapper,io.cucumber.testng.FeatureWrapper)[pri:0, instance:org.example.Runners.TestRunTestNg@6950e31]" name="runScenario" duration-ms="13026" started-at="2022-06-09T13:50:46 EET" description="Runs Cucumber Scenarios" data-provider="scenarios" finished-at="2022-06-09T13:50:59 EET">
          <params>
            <param index="0">
              <value>
                <![CDATA["User opens twitter link"]]>
              </value>
            </param>
            <param index="1">
              <value>
                <![CDATA["SC-13 User could have to follow the pages of website"]]>
              </value>
            </param>
          </params>
          <reporter-output>
          </reporter-output>
        </test-method> <!-- runScenario -->
        <test-method status="FAIL" signature="runScenario(io.cucumber.testng.PickleWrapper,io.cucumber.testng.FeatureWrapper)[pri:0, instance:org.example.Runners.TestRunTestNg@6950e31]" name="runScenario" duration-ms="9739" started-at="2022-06-09T13:50:59 EET" description="Runs Cucumber Scenarios" data-provider="scenarios" finished-at="2022-06-09T13:51:09 EET">
          <params>
            <param index="0">
              <value>
                <![CDATA["User opens rss link"]]>
              </value>
            </param>
            <param index="1">
              <value>
                <![CDATA["SC-13 User could have to follow the pages of website"]]>
              </value>
            </param>
          </params>
          <exception class="java.lang.IndexOutOfBoundsException">
            <message>
              <![CDATA[Index: 1, Size: 1]]>
            </message>
            <full-stacktrace>
              <![CDATA[java.lang.IndexOutOfBoundsException: Index: 1, Size: 1
at java.util.ArrayList.rangeCheck(ArrayList.java:653)
at java.util.ArrayList.get(ArrayList.java:429)
at org.example.StepsCode.C13_FollowUs.openRss(C13_FollowUs.java:83)
at ✽.User opens rss link(file:///D:/FWD-SCHOLARSHIP/AutomationProject/src/main/resources/Features/SC13_FollowUs.feature:27)
]]>
            </full-stacktrace>
          </exception> <!-- java.lang.IndexOutOfBoundsException -->
          <reporter-output>
          </reporter-output>
        </test-method> <!-- runScenario -->
        <test-method status="PASS" signature="runScenario(io.cucumber.testng.PickleWrapper,io.cucumber.testng.FeatureWrapper)[pri:0, instance:org.example.Runners.TestRunTestNg@6950e31]" name="runScenario" duration-ms="16668" started-at="2022-06-09T13:51:09 EET" description="Runs Cucumber Scenarios" data-provider="scenarios" finished-at="2022-06-09T13:51:25 EET">
          <params>
            <param index="0">
              <value>
                <![CDATA["User opens youtube link"]]>
              </value>
            </param>
            <param index="1">
              <value>
                <![CDATA["SC-13 User could have to follow the pages of website"]]>
              </value>
            </param>
          </params>
          <reporter-output>
          </reporter-output>
        </test-method> <!-- runScenario -->
        <test-method status="FAIL" signature="runScenario(io.cucumber.testng.PickleWrapper,io.cucumber.testng.FeatureWrapper)[pri:0, instance:org.example.Runners.TestRunTestNg@6950e31]" name="runScenario" duration-ms="10179" started-at="2022-06-09T13:51:25 EET" description="Runs Cucumber Scenarios" data-provider="scenarios" finished-at="2022-06-09T13:51:35 EET">
          <params>
            <param index="0">
              <value>
                <![CDATA["First slider is clickable on home page"]]>
              </value>
            </param>
            <param index="1">
              <value>
                <![CDATA["SC14- User Can to click to home slider and go to related page"]]>
              </value>
            </param>
          </params>
          <exception class="org.junit.ComparisonFailure">
            <message>
              <![CDATA[expected:<...emo.nopcommerce.com/[]> but was:<...emo.nopcommerce.com/[nokia-lumia-1020]>]]>
            </message>
            <full-stacktrace>
              <![CDATA[org.junit.ComparisonFailure: expected:<...emo.nopcommerce.com/[]> but was:<...emo.nopcommerce.com/[nokia-lumia-1020]>
at org.junit.Assert.assertEquals(Assert.java:117)
at org.junit.Assert.assertEquals(Assert.java:146)
at org.example.StepsCode.C14_HomeSlider.confirmShowOne(C14_HomeSlider.java:21)
at ✽.Relative product for first slider is displayed(file:///D:/FWD-SCHOLARSHIP/AutomationProject/src/main/resources/Features/SC14_HomeSlider.feature:11)
]]>
            </full-stacktrace>
          </exception> <!-- org.junit.ComparisonFailure -->
          <reporter-output>
          </reporter-output>
        </test-method> <!-- runScenario -->
        <test-method status="FAIL" signature="runScenario(io.cucumber.testng.PickleWrapper,io.cucumber.testng.FeatureWrapper)[pri:0, instance:org.example.Runners.TestRunTestNg@6950e31]" name="runScenario" duration-ms="12015" started-at="2022-06-09T13:51:35 EET" description="Runs Cucumber Scenarios" data-provider="scenarios" finished-at="2022-06-09T13:51:47 EET">
          <params>
            <param index="0">
              <value>
                <![CDATA["Second slider is clickable on home page"]]>
              </value>
            </param>
            <param index="1">
              <value>
                <![CDATA["SC14- User Can to click to home slider and go to related page"]]>
              </value>
            </param>
          </params>
          <exception class="org.junit.ComparisonFailure">
            <message>
              <![CDATA[expected:<...emo.nopcommerce.com/[]> but was:<...emo.nopcommerce.com/[iphone-6]>]]>
            </message>
            <full-stacktrace>
              <![CDATA[org.junit.ComparisonFailure: expected:<...emo.nopcommerce.com/[]> but was:<...emo.nopcommerce.com/[iphone-6]>
at org.junit.Assert.assertEquals(Assert.java:117)
at org.junit.Assert.assertEquals(Assert.java:146)
at org.example.StepsCode.C14_HomeSlider.confirmShowTwo(C14_HomeSlider.java:35)
at ✽.Relative product for second slider is displayed(file:///D:/FWD-SCHOLARSHIP/AutomationProject/src/main/resources/Features/SC14_HomeSlider.feature:21)
]]>
            </full-stacktrace>
          </exception> <!-- org.junit.ComparisonFailure -->
          <reporter-output>
          </reporter-output>
        </test-method> <!-- runScenario -->
        <test-method status="PASS" signature="runScenario(io.cucumber.testng.PickleWrapper,io.cucumber.testng.FeatureWrapper)[pri:0, instance:org.example.Runners.TestRunTestNg@6950e31]" name="runScenario" duration-ms="10156" started-at="2022-06-09T13:51:47 EET" description="Runs Cucumber Scenarios" data-provider="scenarios" finished-at="2022-06-09T13:51:58 EET">
          <params>
            <param index="0">
              <value>
                <![CDATA["User scroll down into home page"]]>
              </value>
            </param>
            <param index="1">
              <value>
                <![CDATA["SC15- User should to find products are displayed in home page"]]>
              </value>
            </param>
          </params>
          <reporter-output>
          </reporter-output>
        </test-method> <!-- runScenario -->
        <test-method status="PASS" signature="tearDownClass()[pri:0, instance:org.example.Runners.TestRunTestNg@6950e31]" name="tearDownClass" is-config="true" duration-ms="117" started-at="2022-06-09T13:51:58 EET" finished-at="2022-06-09T13:51:58 EET">
          <reporter-output>
          </reporter-output>
        </test-method> <!-- tearDownClass -->
      </class> <!-- org.example.Runners.TestRunTestNg -->
    </test> <!-- Surefire test -->
  </suite> <!-- Surefire suite -->
</testng-results>
