<?xml version="1.0" encoding="UTF-8"?>
<testsuite xmlns:xsi="http://www.w3.org/2001/XMLSchema-instance" xsi:noNamespaceSchemaLocation="https://maven.apache.org/surefire/maven-surefire-plugin/xsd/surefire-test-report-3.0.xsd" version="3.0" name="org.example.Runners.TestRunTestNg" time="190.345" tests="12" errors="0" skipped="0" failures="0">
  <properties>
[...]
</properties>
  <testcase name="runScenario[&quot;User will enter valid to inputs&quot;, &quot;SC1- Registration | guest user could register with valid data successfully&quot;](1)" classname="org.example.Runners.TestRunTestNg" time="14.539">
    <system-out><![CDATA[D:\FWD-SCHOLARSHIP\AutomationProject\src\main\resources\chromedriver.exe
]]></system-out>
    <system-err><![CDATA[SLF4J: Failed to load class "org.slf4j.impl.StaticLoggerBinder".
SLF4J: Defaulting to no-operation (NOP) logger implementation
SLF4J: See http://www.slf4j.org/codes.html#StaticLoggerBinder for further details.
Starting ChromeDriver 102.0.5005.61 (0e59bcc00cc4985ce39ad31c150065f159d95ad3-refs/branch-heads/5005@{#819}) on port 53104
Only local connections are allowed.
Please see https://chromedriver.chromium.org/security-considerations for suggestions on keeping ChromeDriver safe.
ChromeDriver was started successfully.
Jun 08, 2022 5:16:35 AM org.openqa.selenium.remote.ProtocolHandshake createSession
INFO: Detected upstream dialect: W3C
Jun 08, 2022 5:16:35 AM org.openqa.selenium.devtools.CdpVersionFinder findNearestMatch
INFO: Found exact CDP implementation for version 102
]]></system-err>
  </testcase>
  <testcase name="runScenario[&quot;User log in with valid email and password&quot;, &quot;SC2- User could log in with valid email and password&quot;](2)" classname="org.example.Runners.TestRunTestNg" time="8.036">
    <system-out><![CDATA[D:\FWD-SCHOLARSHIP\AutomationProject\src\main\resources\chromedriver.exe
]]></system-out>
    <system-err><![CDATA[Starting ChromeDriver 102.0.5005.61 (0e59bcc00cc4985ce39ad31c150065f159d95ad3-refs/branch-heads/5005@{#819}) on port 52052
Only local connections are allowed.
Please see https://chromedriver.chromium.org/security-considerations for suggestions on keeping ChromeDriver safe.
ChromeDriver was started successfully.
Jun 08, 2022 5:16:49 AM org.openqa.selenium.remote.ProtocolHandshake createSession
INFO: Detected upstream dialect: W3C
Jun 08, 2022 5:16:49 AM org.openqa.selenium.devtools.CdpVersionFinder findNearestMatch
INFO: Found exact CDP implementation for version 102
]]></system-err>
  </testcase>
  <testcase name="runScenario[&quot;User want to reset his/her password&quot;, &quot;SC3- User could reset his/her password successfully&quot;](3)" classname="org.example.Runners.TestRunTestNg" time="7.671">
    <system-out><![CDATA[D:\FWD-SCHOLARSHIP\AutomationProject\src\main\resources\chromedriver.exe
]]></system-out>
    <system-err><![CDATA[Starting ChromeDriver 102.0.5005.61 (0e59bcc00cc4985ce39ad31c150065f159d95ad3-refs/branch-heads/5005@{#819}) on port 49903
Only local connections are allowed.
Please see https://chromedriver.chromium.org/security-considerations for suggestions on keeping ChromeDriver safe.
ChromeDriver was started successfully.
Jun 08, 2022 5:16:57 AM org.openqa.selenium.remote.ProtocolHandshake createSession
INFO: Detected upstream dialect: W3C
Jun 08, 2022 5:16:57 AM org.openqa.selenium.devtools.CdpVersionFinder findNearestMatch
INFO: Found exact CDP implementation for version 102
]]></system-err>
  </testcase>
  <testcase name="runScenario[&quot;User search about product&quot;, &quot;SC4- Logged User could search for any product&quot;](4)" classname="org.example.Runners.TestRunTestNg" time="9.517">
    <system-out><![CDATA[D:\FWD-SCHOLARSHIP\AutomationProject\src\main\resources\chromedriver.exe
]]></system-out>
    <system-err><![CDATA[Starting ChromeDriver 102.0.5005.61 (0e59bcc00cc4985ce39ad31c150065f159d95ad3-refs/branch-heads/5005@{#819}) on port 60768
Only local connections are allowed.
Please see https://chromedriver.chromium.org/security-considerations for suggestions on keeping ChromeDriver safe.
ChromeDriver was started successfully.
Jun 08, 2022 5:17:05 AM org.openqa.selenium.remote.ProtocolHandshake createSession
INFO: Detected upstream dialect: W3C
Jun 08, 2022 5:17:05 AM org.openqa.selenium.devtools.CdpVersionFinder findNearestMatch
INFO: Found exact CDP implementation for version 102
]]></system-err>
  </testcase>
  <testcase name="runScenario[&quot;Logged user switch currency to euro&quot;, &quot;SC5- Logged User could switch between currencies US-Euro&quot;](5)" classname="org.example.Runners.TestRunTestNg" time="9.83">
    <system-out><![CDATA[D:\FWD-SCHOLARSHIP\AutomationProject\src\main\resources\chromedriver.exe
]]></system-out>
    <system-err><![CDATA[Starting ChromeDriver 102.0.5005.61 (0e59bcc00cc4985ce39ad31c150065f159d95ad3-refs/branch-heads/5005@{#819}) on port 54452
Only local connections are allowed.
Please see https://chromedriver.chromium.org/security-considerations for suggestions on keeping ChromeDriver safe.
ChromeDriver was started successfully.
Jun 08, 2022 5:17:14 AM org.openqa.selenium.remote.ProtocolHandshake createSession
INFO: Detected upstream dialect: W3C
Jun 08, 2022 5:17:14 AM org.openqa.selenium.devtools.CdpVersionFinder findNearestMatch
INFO: Found exact CDP implementation for version 102
]]></system-err>
  </testcase>
  <testcase name="runScenario[&quot;Logged user select Category&quot;, &quot;SC6- Logged user could select different Categories&quot;](6)" classname="org.example.Runners.TestRunTestNg" time="12.034">
    <system-out><![CDATA[D:\FWD-SCHOLARSHIP\AutomationProject\src\main\resources\chromedriver.exe
desktops
]]></system-out>
    <system-err><![CDATA[Starting ChromeDriver 102.0.5005.61 (0e59bcc00cc4985ce39ad31c150065f159d95ad3-refs/branch-heads/5005@{#819}) on port 52460
Only local connections are allowed.
Please see https://chromedriver.chromium.org/security-considerations for suggestions on keeping ChromeDriver safe.
ChromeDriver was started successfully.
Jun 08, 2022 5:17:24 AM org.openqa.selenium.remote.ProtocolHandshake createSession
INFO: Detected upstream dialect: W3C
Jun 08, 2022 5:17:24 AM org.openqa.selenium.devtools.CdpVersionFinder findNearestMatch
INFO: Found exact CDP implementation for version 102
]]></system-err>
  </testcase>
  <testcase name="runScenario[&quot;User filter selected item with color&quot;, &quot;SC7- Logged user could filter with color&quot;](7)" classname="org.example.Runners.TestRunTestNg" time="11.969">
    <system-out><![CDATA[D:\FWD-SCHOLARSHIP\AutomationProject\src\main\resources\chromedriver.exe
]]></system-out>
    <system-err><![CDATA[Starting ChromeDriver 102.0.5005.61 (0e59bcc00cc4985ce39ad31c150065f159d95ad3-refs/branch-heads/5005@{#819}) on port 59163
Only local connections are allowed.
Please see https://chromedriver.chromium.org/security-considerations for suggestions on keeping ChromeDriver safe.
ChromeDriver was started successfully.
Jun 08, 2022 5:17:36 AM org.openqa.selenium.remote.ProtocolHandshake createSession
INFO: Detected upstream dialect: W3C
Jun 08, 2022 5:17:36 AM org.openqa.selenium.devtools.CdpVersionFinder findNearestMatch
INFO: Found exact CDP implementation for version 102
]]></system-err>
  </testcase>
  <testcase name="runScenario[&quot;User try to select different tags&quot;, &quot;SC8- Logged user could select different tags&quot;](8)" classname="org.example.Runners.TestRunTestNg" time="14.129">
    <system-out><![CDATA[D:\FWD-SCHOLARSHIP\AutomationProject\src\main\resources\chromedriver.exe
desktops
]]></system-out>
    <system-err><![CDATA[Starting ChromeDriver 102.0.5005.61 (0e59bcc00cc4985ce39ad31c150065f159d95ad3-refs/branch-heads/5005@{#819}) on port 64634
Only local connections are allowed.
Please see https://chromedriver.chromium.org/security-considerations for suggestions on keeping ChromeDriver safe.
ChromeDriver was started successfully.
Jun 08, 2022 5:17:48 AM org.openqa.selenium.remote.ProtocolHandshake createSession
INFO: Detected upstream dialect: W3C
Jun 08, 2022 5:17:48 AM org.openqa.selenium.devtools.CdpVersionFinder findNearestMatch
INFO: Found exact CDP implementation for version 102
]]></system-err>
  </testcase>
  <testcase name="runScenario[&quot;User try to add product to shopping cart&quot;, &quot;SC9- Logged user could add different products to Shopping cart&quot;](9)" classname="org.example.Runners.TestRunTestNg" time="19.039">
    <system-out><![CDATA[D:\FWD-SCHOLARSHIP\AutomationProject\src\main\resources\chromedriver.exe
]]></system-out>
    <system-err><![CDATA[Starting ChromeDriver 102.0.5005.61 (0e59bcc00cc4985ce39ad31c150065f159d95ad3-refs/branch-heads/5005@{#819}) on port 63839
Only local connections are allowed.
Please see https://chromedriver.chromium.org/security-considerations for suggestions on keeping ChromeDriver safe.
ChromeDriver was started successfully.
Jun 08, 2022 5:18:02 AM org.openqa.selenium.remote.ProtocolHandshake createSession
INFO: Detected upstream dialect: W3C
Jun 08, 2022 5:18:02 AM org.openqa.selenium.devtools.CdpVersionFinder findNearestMatch
INFO: Found exact CDP implementation for version 102
]]></system-err>
  </testcase>
  <testcase name="runScenario[&quot;User could be able to add products to wishlist&quot;, &quot;SC10- Logged user could add different products to Wishlist&quot;](10)" classname="org.example.Runners.TestRunTestNg" time="21.57">
    <system-out><![CDATA[D:\FWD-SCHOLARSHIP\AutomationProject\src\main\resources\chromedriver.exe
rgba(75, 176, 122, 1)
]]></system-out>
    <system-err><![CDATA[Starting ChromeDriver 102.0.5005.61 (0e59bcc00cc4985ce39ad31c150065f159d95ad3-refs/branch-heads/5005@{#819}) on port 58806
Only local connections are allowed.
Please see https://chromedriver.chromium.org/security-considerations for suggestions on keeping ChromeDriver safe.
ChromeDriver was started successfully.
Jun 08, 2022 5:18:21 AM org.openqa.selenium.remote.ProtocolHandshake createSession
INFO: Detected upstream dialect: W3C
Jun 08, 2022 5:18:21 AM org.openqa.selenium.devtools.CdpVersionFinder findNearestMatch
INFO: Found exact CDP implementation for version 102
]]></system-err>
  </testcase>
  <testcase name="runScenario[&quot;user try to compare multiple products&quot;, &quot;SC11- Logged user could add different products to compare list&quot;](11)" classname="org.example.Runners.TestRunTestNg" time="21.304">
    <system-out><![CDATA[D:\FWD-SCHOLARSHIP\AutomationProject\src\main\resources\chromedriver.exe

@regression
Scenario: User will enter valid to inputs     &amp#27;[90m# src/main/resources/Features/SC01_Registration.feature:4&amp#27;[0m
  &amp#27;[32mGiven &amp#27;[0m&amp#27;[32mUser should have an email to register&amp#27;[0m &amp#27;[90m# org.example.StepsCode.C01_Registration.createEmail()&amp#27;[0m
  &amp#27;[32mAnd &amp#27;[0m&amp#27;[32mUser navigate to register page&amp#27;[0m          &amp#27;[90m# org.example.StepsCode.C01_Registration.navigateToRegisterPage()&amp#27;[0m
  &amp#27;[32mWhen &amp#27;[0m&amp#27;[32mUser enter valid data&amp#27;[0m                  &amp#27;[90m# org.example.StepsCode.C01_Registration.enterValidData()&amp#27;[0m
  &amp#27;[32mThen &amp#27;[0m&amp#27;[32mUser could be register successfully&amp#27;[0m    &amp#27;[90m# org.example.StepsCode.C01_Registration.User_register_Successfully()&amp#27;[0m

@regression
Scenario: User log in with valid email and password &amp#27;[90m# src/main/resources/Features/SC02_Login.feature:4&amp#27;[0m
  &amp#27;[32mGiven &amp#27;[0m&amp#27;[32mUser navigate to login page&amp#27;[0m                 &amp#27;[90m# org.example.StepsCode.C02_Login.goToLoginPage()&amp#27;[0m
  &amp#27;[32mWhen &amp#27;[0m&amp#27;[32mUser enter valid email&amp#27;[0m                       &amp#27;[90m# org.example.StepsCode.C02_Login.emailField()&amp#27;[0m
  &amp#27;[32mAnd &amp#27;[0m&amp#27;[32mUser enter valid password&amp#27;[0m                     &amp#27;[90m# org.example.StepsCode.C02_Login.passwordField()&amp#27;[0m
  &amp#27;[32mAnd &amp#27;[0m&amp#27;[32mUser Click to login button&amp#27;[0m                    &amp#27;[90m# org.example.StepsCode.C02_Login.loginBtn()&amp#27;[0m
  &amp#27;[32mThen &amp#27;[0m&amp#27;[32mUser could be logged in successfully&amp#27;[0m         &amp#27;[90m# org.example.StepsCode.C02_Login.login_Successfully()&amp#27;[0m

@regression
Scenario: User want to reset his/her password                    &amp#27;[90m# src/main/resources/Features/SC03_ResetPassword.feature:5&amp#27;[0m
  &amp#27;[32mGiven &amp#27;[0m&amp#27;[32mUser navigate to login page directly&amp#27;[0m                     &amp#27;[90m# org.example.StepsCode.C03_Reset_Password.goToLoginPage()&amp#27;[0m
  &amp#27;[32mWhen &amp#27;[0m&amp#27;[32mUser enter the reset password button&amp#27;[0m                      &amp#27;[90m# org.example.StepsCode.C03_Reset_Password.clickForgetBtn()&amp#27;[0m
  &amp#27;[32mAnd &amp#27;[0m&amp#27;[32mUser enter his email to send the key to reset the password&amp#27;[0m &amp#27;[90m# org.example.StepsCode.C03_Reset_Password.enterEmailOfUser()&amp#27;[0m
  &amp#27;[32mAnd &amp#27;[0m&amp#27;[32mUser clicked to reset button&amp#27;[0m                               &amp#27;[90m# org.example.StepsCode.C03_Reset_Password.clickRestBtn()&amp#27;[0m
  &amp#27;[32mThen &amp#27;[0m&amp#27;[32mThe website send to email hsa been register&amp#27;[0m               &amp#27;[90m# org.example.StepsCode.C03_Reset_Password.restPasswordSuccessfully()&amp#27;[0m

@regression
Scenario: User search about product                                      &amp#27;[90m# src/main/resources/Features/SC04_SearchProduct.feature:4&amp#27;[0m
  &amp#27;[32mGiven &amp#27;[0m&amp#27;[32mUser should to be logged in successfully&amp#27;[0m                         &amp#27;[90m# org.example.StepsCode.C04_SearchProduct.login()&amp#27;[0m
  &amp#27;[32mWhen &amp#27;[0m&amp#27;[32mUser Write the name of product an Ex:"&amp#27;[0m&amp#27;[32m&amp#27;[1mCamera&amp#27;[0m&amp#27;[32m"&amp#27;[0m                     &amp#27;[90m# org.example.StepsCode.C04_SearchProduct.enterProductName(java.lang.String)&amp#27;[0m
  &amp#27;[32mAnd &amp#27;[0m&amp#27;[32mUser clicked to enter button in keyboard&amp#27;[0m                           &amp#27;[90m# org.example.StepsCode.C04_SearchProduct.clickSearchBtn()&amp#27;[0m
  &amp#27;[32mThen &amp#27;[0m&amp#27;[32mThe wabsite should appear the results related to the product name&amp#27;[0m &amp#27;[90m# org.example.StepsCode.C04_SearchProduct.showProductResult()&amp#27;[0m

@regression
Scenario: Logged user switch currency to euro                     &amp#27;[90m# src/main/resources/Features/SC05_SwitchCurrencies.feature:4&amp#27;[0m
  &amp#27;[32mGiven &amp#27;[0m&amp#27;[32mUser should to be logged in successfully&amp#27;[0m                  &amp#27;[90m# org.example.StepsCode.C04_SearchProduct.login()&amp#27;[0m
  &amp#27;[32mWhen &amp#27;[0m&amp#27;[32mUser choose "Euro" as a main currency from static dropdown&amp#27;[0m &amp#27;[90m# org.example.StepsCode.C05_SwitchCurrencies.changeCurrencies()&amp#27;[0m
  &amp#27;[32mThen &amp#27;[0m&amp#27;[32mThe currency in the website should to be changed&amp#27;[0m           &amp#27;[90m# org.example.StepsCode.C05_SwitchCurrencies.confirmationChange()&amp#27;[0m

@regression
Scenario: Logged user select Category                                                  &amp#27;[90m# src/main/resources/Features/SC06_SelectCategories.feature:4&amp#27;[0m
  &amp#27;[32mGiven &amp#27;[0m&amp#27;[32mUser should to be logged in successfully&amp#27;[0m                                       &amp#27;[90m# org.example.StepsCode.C04_SearchProduct.login()&amp#27;[0m
  &amp#27;[32mWhen &amp#27;[0m&amp#27;[32mUser select any category&amp#27;[0m                                                        &amp#27;[90m# org.example.StepsCode.C06_SelectCategory.userSelectCategory()&amp#27;[0m
  &amp#27;[32mThen &amp#27;[0m&amp#27;[32mThe website should to appear the products that related to the category selected&amp#27;[0m &amp#27;[90m# org.example.StepsCode.C06_SelectCategory.confirmSelectCategory()&amp#27;[0m

@regression
Scenario: User filter selected item with color                    &amp#27;[90m# src/main/resources/Features/SC07_FilterColor.feature:4&amp#27;[0m
  &amp#27;[32mGiven &amp#27;[0m&amp#27;[32mUser should to be logged in successfully&amp#27;[0m                  &amp#27;[90m# org.example.StepsCode.C04_SearchProduct.login()&amp#27;[0m
  &amp#27;[32mAnd &amp#27;[0m&amp#27;[32mUser should to select an item to filter&amp#27;[0m                     &amp#27;[90m# org.example.StepsCode.C07_FilterColor.selectProduct()&amp#27;[0m
  &amp#27;[32mWhen &amp#27;[0m&amp#27;[32mUser filter items by color option&amp#27;[0m                          &amp#27;[90m# org.example.StepsCode.C07_FilterColor.chooseColor()&amp#27;[0m
  &amp#27;[32mThen &amp#27;[0m&amp#27;[32mUser appear for him the filter items with color he choosed&amp#27;[0m &amp#27;[90m# org.example.StepsCode.C07_FilterColor.confirmFilter()&amp#27;[0m

@regression
Scenario: User try to select different tags                      &amp#27;[90m# src/main/resources/Features/SC08_SelectDifferentTags.feature:4&amp#27;[0m
  &amp#27;[32mGiven &amp#27;[0m&amp#27;[32mUser should to be logged in successfully&amp#27;[0m                 &amp#27;[90m# org.example.StepsCode.C04_SearchProduct.login()&amp#27;[0m
  &amp#27;[32mAnd &amp#27;[0m&amp#27;[32mUser select any category&amp#27;[0m                                   &amp#27;[90m# org.example.StepsCode.C06_SelectCategory.userSelectCategory()&amp#27;[0m
  &amp#27;[32mWhen &amp#27;[0m&amp#27;[32mUser select different tags&amp#27;[0m                                &amp#27;[90m# org.example.StepsCode.C08_SelectTags.selectTag()&amp#27;[0m
  &amp#27;[32mThen &amp#27;[0m&amp#27;[32mUser appear for him results of related items for this tag&amp#27;[0m &amp#27;[90m# org.example.StepsCode.C08_SelectTags.confirmTag()&amp#27;[0m

@regression
Scenario: User try to add product to shopping cart       &amp#27;[90m# src/main/resources/Features/SC09_AddToShoppingCart.feature:4&amp#27;[0m
  &amp#27;[32mGiven &amp#27;[0m&amp#27;[32mUser should to be logged in successfully&amp#27;[0m         &amp#27;[90m# org.example.StepsCode.C04_SearchProduct.login()&amp#27;[0m
  &amp#27;[32mAnd &amp#27;[0m&amp#27;[32mUser go to home page to shop any product&amp#27;[0m           &amp#27;[90m# org.example.StepsCode.C09_AddToShoppingCart.goToHomePage()&amp#27;[0m
  &amp#27;[32mWhen &amp#27;[0m&amp#27;[32mUser add products to cart&amp#27;[0m                         &amp#27;[90m# org.example.StepsCode.C09_AddToShoppingCart.addToCart()&amp#27;[0m
  &amp#27;[32mThen &amp#27;[0m&amp#27;[32mUser should to find the products in shopping cart&amp#27;[0m &amp#27;[90m# org.example.StepsCode.C09_AddToShoppingCart.checkAddProducts()&amp#27;[0m

@regression
Scenario: User could be able to add products to wishlist               &amp#27;[90m# src/main/resources/Features/SC10_AddToWishList.feature:4&amp#27;[0m
  &amp#27;[32mGiven &amp#27;[0m&amp#27;[32mUser logged in successfully&amp#27;[0m                                    &amp#27;[90m# org.example.StepsCode.C10_AddToWishList.login()&amp#27;[0m
  &amp#27;[32mAnd &amp#27;[0m&amp#27;[32mUser go to home page to shop any product&amp#27;[0m                         &amp#27;[90m# org.example.StepsCode.C09_AddToShoppingCart.goToHomePage()&amp#27;[0m
  &amp#27;[32mWhen &amp#27;[0m&amp#27;[32mUser select different products to wishlist&amp#27;[0m                      &amp#27;[90m# org.example.StepsCode.C10_AddToWishList.selectProduct()&amp#27;[0m
  &amp#27;[32mThen &amp#27;[0m&amp#27;[32mUser show green message for successful add products to wishlist&amp#27;[0m &amp#27;[90m# org.example.StepsCode.C10_AddToWishList.confirmMessage()&amp#27;[0m
  &amp#27;[32mAnd &amp#27;[0m&amp#27;[32mUser open wishlist page and find the items has been selected&amp#27;[0m     &amp#27;[90m# org.example.StepsCode.C10_AddToWishList.checkPage()&amp#27;[0m

@regression
Scenario: user try to compare multiple products            &amp#27;[90m# src/main/resources/Features/SC11_AddToCompareList.feature:4&amp#27;[0m
  &amp#27;[32mGiven &amp#27;[0m&amp#27;[32mUser logged in successfully&amp#27;[0m                        &amp#27;[90m# org.example.StepsCode.C10_AddToWishList.login()&amp#27;[0m
  &amp#27;[32mAnd &amp#27;[0m&amp#27;[32mUser go to home page to shop any product&amp#27;[0m             &amp#27;[90m# org.example.StepsCode.C09_AddToShoppingCart.goToHomePage()&amp#27;[0m
  &amp#27;[32mWhen &amp#27;[0m&amp#27;[32mUser try to compare multiple products&amp#27;[0m               &amp#27;[90m# org.example.StepsCode.C011_AddToCompareList.compareProducts()&amp#27;[0m
  &amp#27;[32mThen &amp#27;[0m&amp#27;[32mSuccessful me]]></system-out>
    <system-err><![CDATA[Starting ChromeDriver 102.0.5005.61 (0e59bcc00cc4985ce39ad31c150065f159d95ad3-refs/branch-heads/5005@{#819}) on port 53029
Only local connections are allowed.
Please see https://chromedriver.chromium.org/security-considerations for suggestions on keeping ChromeDriver safe.
ChromeDriver was started successfully.
Jun 08, 2022 5:18:43 AM org.openqa.selenium.remote.ProtocolHandshake createSession
INFO: Detected upstream dialect: W3C
Jun 08, 2022 5:18:43 AM org.openqa.selenium.devtools.CdpVersionFinder findNearestMatch
INFO: Found exact CDP implementation for version 102
]]></system-err>
  </testcase>
  <testcase name="runScenario[&quot;User make an order&quot;, &quot;SC12- Create successful Order&quot;](12)" classname="org.example.Runners.TestRunTestNg" time="39.816">
    <system-out><![CDATA[D:\FWD-SCHOLARSHIP\AutomationProject\src\main\resources\chromedriver.exe
]]></system-out>
    <system-err><![CDATA[Starting ChromeDriver 102.0.5005.61 (0e59bcc00cc4985ce39ad31c150065f159d95ad3-refs/branch-heads/5005@{#819}) on port 60214
Only local connections are allowed.
Please see https://chromedriver.chromium.org/security-considerations for suggestions on keeping ChromeDriver safe.
ChromeDriver was started successfully.
Jun 08, 2022 5:19:04 AM org.openqa.selenium.remote.ProtocolHandshake createSession
INFO: Detected upstream dialect: W3C
Jun 08, 2022 5:19:04 AM org.openqa.selenium.devtools.CdpVersionFinder findNearestMatch
INFO: Found exact CDP implementation for version 102
]]></system-err>
  </testcase>
</testsuite>